金城真由美, 伝馬ルル
中本花凛, 桜井章子, 有田睦, 五十嵐雅, ちあき
長沢まゆ, 辻元なつみ, 中島佐和子, 笹本かえで, かえで
真希なみ, 長谷川なみ
知花メイサ, 松本かえで, あやめ, ゆうこ
北田早希 , みなみ 
セリナ, 松下美由紀, 西岡里沙
白崎かりん, 霧島由宇
磯山真美, ももえ
常磐エレナ, 常盤エレナ, 星野葵
柿沢瞳, 蒼木マナ, 蒼田のり子, 並木芽衣, MISA
安原真耶, ゆき
深田祐佳里, まり
黒澤ゆうか, 高嶋みなみ, 川村千咲, ゆうか
彩音さくら, 如月莉亜
成美留実, 川原藍, るみ
七瀬愛梨, 吉田雅, 三宅智賀, 松田晴美
滝沢なぎさ, 宇多田あかり, 吉野もな, 樹もな, みほ, えりな, えり, 翔子, レモン
野口由加里, ゆかり
小日向あおい, 千葉美智子
新垣さくら, 武田ゆみ, 山岸さくら, 綿貫芽衣子
倉本瞳, 山脇愛華
冬野みずき, 上原史香
花井カノン, 平松優香, 森川優奈, ほのか
おおきゆぃ, 大木ゆい, 春日澪, 香菅みよ, 春日美与
あすか伊央, 川奈舞
朝日かりん, 美嶋茜, 西島真帆
小沢愛, 森乃ゆかり, 深見しずか
綾那優, 水谷優菜, 綾那優子
杏紅茶々, 水嶋あい, 水添愛子, 仲野香菜, 新谷あい, 青島しのぶ, 愛, あい, Shinobu Aoshima
堤優香, 美作洋子, 清水真綾
諸富果那, そら
咲野はる香, キョウコ
島野萌子, 片浦瑛里香
鈴, Rika
永峰みずき, 岩崎弥生, みずき
京堂あかり, ララ
黒川リサ, 朝倉琴美
長瀬京子, ともみ
宮澤アオ, 宮澤さおり
黒江リィナ, まみ
美月かえで, 佐伯チアキ, れいか・みその・百合子
椿あき, 愛咲りんか
瀬良ゆきえ, 徳山弘子
春風コウ, 白井真帆, 辰巳あや, 鳥羽みき, 環奈・かりん・みなみ
花沢ひまり, みく
田村ゆら, 愛華
瞳美都, ひかる・ひとみ
藤村みか, ふうか
宮崎ちひろ, 美咲うらん, 与田知佳
大原りま, 菜摘・なつみ
吉野まい, ゆか・さき・ゆい
音羽ねいろ, ミワ
あかね葵, 碧えみ
宮口まお, 笹岡けいこ, よしの・ゆかり
夏乃ひまわり, 宮下まりん, 冬木かんな, 斉藤かなこ
魚沼晴美, 大貫あずさ
佐田杏南, 佐久間ゆう
高嶋祥子, 山内さとみ, 小百合・雪子
日高りこ, あやか・ほなみ
奈良絵美子, Gカップ
菊島万里枝, さとこ
長瀬ひとみ, 綾瀬三奈江・手島郁恵, 高井澄恵, みゆ, ななこ・瞳
木原みきこ, もも子
工藤つぼみ, 戸田くれあ
野上さなえ, 坂宮真文, しのぶ
水川スミレ, 水稀みり, 百多えみり
白石れいか, 日高千晶
優木しの, 中森彩, 天羽かりん, あずさ・ももこ・リフレ嬢ひ◯
東山芳香, 小川成美, よしか
伊藤洋子, 田川祐夢, 桃子, しずか
望月希美, のぞみ, まなみ
琴音ありさ, みなみ
若葉加奈, りな
大石香織, 香織
寺田志乃, 本田綾乃, 池内彩音
的場せいこ, 松戸結, ゆうこ
綾田あやこ, 吹田ゆま, レミ・ユリナ・アキナ・あゆみ・アイ・ニコ・えれん
小野寺まり, 越川美和子, 柚香・しほ
ことり, あん
城嶋静, あや, りん
持田茜, しじみ, 彩華ゆかり, ちはる, 小百合・あかり
吉川れな, 岡山まお, 柏木ゆみ, まどか・ももか
佐々木つぐみ, 前崎花苗, 友梨佳
大塚ゆみ, そら
白石ゆみ, まい
大塚けいこ, ゆきな
桃華みやび, ルイ
白羽あいな, 上原茉咲, 上原栞咲, 上原華咲, 上原まさき, 葉山基子, 連城静枝, 三宅玲奈, 青山みゆき, 白川愛菜, 岸田沙苗, まさき, まさみ, あいな, みゆ・あかね・りん
秋山ちか, 杉田晴美, 船越靖子
藤井沙紀, 津村れな, Saki
光月まや, 夕月わかな
西山樹, 東山実, 片岡なつめ, 柏木由実, 村松あおい, 樹
神山みどり, 渡辺麻央美
白川芙由香, 新堀こころ
鈴木勝代, 紗江子
市橋由衣, 若松玲那, 早坂あずみ
天海しおり, 沢平秋乃, 深沢秋乃, 志都美加代
三浦凛, 三浦凜, 三浦リン, 舞希香, 若林敏江, 水谷咲良, 栞, りん, いずみ, 紀香
佐々木うの, えりか
真鍋さえこ, ちりこ
広野鈴菜, ケイ
島崎友紀子, ユイ
倉沢あゆむ, 進藤麻奈美
楠美椿, 楠美つばき, 八木彩音, 楠美秋穂
楠木沙羅, 藤優子, 末松廣乃, ゆうこ
田辺まなみ, くみこ
宮崎彩, 藤田さえ, 徳永幸穂, 青井悠里, 竹内美穂, 青山優梨子, 悠里, ユリナ・サユリ・まみ・あい・えみ
大塚奈々子, 田宮里美, 黒田澪香, 板垣祐里, 桜, 香琳
木村つな, 紺野いろは, Tsuna
小西架純, 架純, 加藤ほのか, ほのか
国見あやせ, 西村翔子, 姫野萌花
如月絢香, 岩崎早奈恵
立花美涼, 雪乃ほたる
桜井涼花, 今井まどか
綾地ゆうか, 林純子
佐伯祈里, レン, れん, ふうか
嶋陽子, 赤坂しおり, みお
後藤結愛, 佐野清美, 辰田裕美, 結愛
碧木凛, 浅井瑞穂, 木下明日香
新垣詩音, 望月奏海, 杏奈
一ノ瀬蘭, 石貫恭子, 松河恭子, 愛奴
水咲あかね, 平茉莉
佐伯ユアン, 茅森美月, 佐奈, 杏
三次景子, 麻生由希子, 青柳可南子
岩崎みさ, 折田守江, ゆうこ
一色もえ, 葛西灯里, 朋美
風澄のあ, 加藤里紗
加賀亜衣, 澤部範子, カホ
芹沢ひとみ, 兵藤由紀
松田うみ, 南條玖美, 佐谷侑里
那月玲奈, 天野あずさ, みなみ, レイナ
紺野深雪, みさき, Kちゃん
水谷玲奈, 沢田真奈美, 超絶可愛い
成宮はるあ, 陽咲希美, 葉月絢音
永野愛実, 永野愛美, あみ
倉木ひな, 牧瀬みさ, 高田さやか
真鍋千枝美, 時任明菜, 魔宮明菜, 向井嘉代, エリ
西岡紗希, 槇村かおる
坂口みほの, みほの
綾野りさ, 小坂詩織
星川ういか, 小西美緒
嵐山里緒奈, 秋本果歩, 豊田姫香, 秋田美香子, 中村春奈, 八嶋結, ののか, きょうこ
長瀬莉亜, 響恭子, ナツミ, ラン
今賀はる, 安里泉水, 北野江美留, 青木ちなつ, 泰子, あおい, 泉水
佐伯静香, まりか
高田かおり, 水戸綾香
内村りな, 橋本美帆
波瑠宮そら, 皆月もか, りなこ
ななせつぐ, すずきあい, 柊美衣子, 遠藤瞳, 七瀬紬美, 吉村雅恵, つぐみ, 菜々美, 莉奈, れい, つぐみ, おとは
橋本ゆき, いずみ
河瀬えまり, 折原かすみ, 小嶋まこ, 松原美紀, ことの, まこ
西原沙織, 川部智子, 佐野ゆう・るみ, カスミ
三浦智子, 中村佐恵子, 清水里美, カオリ
青葉弘子, 安田京子, 川畑真由美
早瀬あかり, 坂本絵里, 浪口みな, 山本かおり
宇佐美あかね, あかねゆき, 高見理紗, 大塚まこと, 折田美紀子, 桜木忍, あやね, あかね
赤崎さやか, 杉本あいな, さえ
阿久津小枝, 山添栄子
月城愛子, 笹野涼香, ゆき
窪井麻里奈, 高宮京香
久慈玲華, 岡田陽子
入江由奈, 山川あずさ, あき, あゆみ, みゆき, 博美
本田佑香, 真中里美, 久山多摩美
浅田純子, 寺西由美子
椿由梨香, 江角美穂
伊東杏, 小坂美貴, 小春坂美桜
清水恋花, 竹内汐音, 佐々木亜未
吉岡理恵, 佐々木翔子, 川瀬梨花, みき, シーナ
長澤絵美, 香織
香坂ひろ, 香坂祐, ちあき, セリナ
白石有紀, 柚木知恵, 山田彩, 大倉友恵, 美登里, あゆみ
浜崎あや, 釘本白百合
久保ひろこ, 吉阪佳菜子, よしえ
赤城沙代, 赤木沙代
安藤さくら, 石橋絵美, りょうこ
松ひかる, 高原れい, 青田由衣
松本美希, 亜美, カナ, あいこ
藤咲リオナ, 小林沙織
一条沙也香, 森脇久三子, さやか
河村由美, マリ
前田灯里, みきな
香坂由那, 豊田雪江
石野真奈美, 芝原亜矢子
田中ユカリ, 田中ゆかり, 船木由佳里, 矢野咲織, 大泉恵美, あさか, ゆかり
帆月なつめ, 栗山ゆず, 紀伊乃優奈, 伊東麻由, 松永郁美, 石村浩子, なつめ, まゆ, Natsume(裏ブッコム)
朝比奈みおり, 北国まこ, 安藤小冬, 田原蘭花, 北原亜美菜, かぐや
観月和奏, 羽鳥眞子
池田麗子, 峰若葉, 山本かおる
遥香心海, 遙香心海, 優木まなみ, 三枝心海, 二階堂花, 潮崎心美, 岡部つゆね, みゆこ, 亀井夫妻, はるか
流川ユリア, 輪島由佳
野風あさみ, 野風あさ美, 東美智子
森崎可奈子, 大村遥, カスミ
坂下みのり, 阿比留冬美, 東條亜矢子, みのり, サキ, ケイコ
雪城まどか, まこと, 菜々緒愛
池川千里, 岡才亜, 小田美樹, リエ, チエ
渡瀬琴乃, 渡瀬美香, ことの
星野しずく, しずく
桂木ツバキ, 桂木椿
桜すなお, 金谷まひろ
向井陽菜, 桜庭陽菜, 二ノ宮美里, 水森茜, ミサ
川上佑香, 白石あい, 酒井ひな, 酒井比奈, 丘野晴海
こじまりさ, すず, ゆきな
佐藤保奈美, セビア
美月るな, 彩香かすみ, 里見はるか, あいり
真中かおり, 相原さつき
南星愛, 山城ゆうひ
夜空まひろ, 橋本えり
桑原樹絵里, 倉内久美, 喜多川香澄, 西島まり, まり
神尾舞, 柚原綾
早瀬みりあ, 田邊さやか
上島亜希穂, 多田絵里砂, まい, かえで, 沙英
木島亜希, 森絵莉香, 武井美佳, 亜希, みさ
すずきまなか, 高橋美菜, 渡貫真矢, あかね・まゆ
秋山夏凜, 鈴村いろは, ひばり結羽, 性欲処理マゾマスク
三沢いおり, 小野田早紀, 滝本芹奈, ミキ
長谷川美裸, 小枝ゆづ希, 新島りおな
本山茉莉, 堀井ミカ, 森川真奈美
水元恵梨香, 神田理恵
五十嵐翔子, 徳山麗子
水無月レイラ, 高坂麗子, 飯塚冬実
宇野幸江, 北沢奈津美
西原美鈴, 西田聖子, 徳田寛子
華原美奈子, 佐藤春子
辻真琴, 花岡真子, 坂田実里
植田陽菜, 小嶋紗由美, 阪上志乃
春川なのは, 綾見ひなの, ひなの, 多田ひとみ, 高中かなた, ななみ
佐々木愛美, 佐伯史華, クルミ
飯島くうが, 亜美
優花めぐみ, 瑞乃ありさ, ちひろ
立花理沙, 上条早紀
夢華さら, 桜井よしみ, 明石春子, 富田麗花, さら
愛田奈々, 三津なつみ, なつみ, 武藤由来
国仲みさと, 向井千晶
遥めぐみ, 高原みやび, Megumi
野宮凛子, 高島千代子
村上涼子, 中村りかこ, 黒木菜穂, ありさ
速水百花, 桜井菜々子
永井あいこ, 南ゆう, 稲森しほ, 神崎亜里沙, あいこ
早乙女美奈子, さくら桃香, 小倉優, 河合さくら
新井エリー, 晶エリー, 大沢佑香, 西川ひとみ
あすかりの, 柴咲あや, 常盤りの, 高野夕美
倉科さやか, 倉田さおり, 多田穂積, 木下ちさと, のあ, SAYA
羽田未来, 七瀬ゆい, 中川志穂, 結衣
杏堂なつ, 榊れいな, 安藤なつみ
甲斐ミハル, 上原美穂, 片岡美雪, 嶋村なおみ, 石橋なおみ, 森下多佳子, 水野佳代子, ミハル, みはる, 美春, めい, えりか
石黒京香, 黒木かえで, 杜泉
柳田やよい, 本上はるか, 水嶋沙織, 吉沢秀美
山口玲子, 美香
愛沢ひな, 結城花梨
愛音ゆり, SAORI, 川合穂花, 相川ユリア, あいね, えりか, ゆうか, 江梨香
木実らん, マリナ
森宮千里, 美里
有澤舞, 三沢亜矢, 亜希子
深田みお, 小森みくろ
朝宮涼子=戸島佳澄, りょうこ
岩下千恵, 岩下けいこ, 志村恭子
竹田しょうこ, りな
福田優子, 長瀬あゆみ, 高山ちさと
妃ひかり, 仲夏ゆかり, 彩月あかり, 岩佐めい
冴場奈津, あや
速水香澄, 神谷春妃
関澤佑里, あい・うみ・まお
早川夏美, 宅間美優, あこ・みーな・キラ・ゆか・かず
里中穂香, 菜々緒, 明日菜
横峰小春, 綾・さき・サラ・エリナ
野下美沙, さりな・トモ
森山 ひとみ, みく
今岡やえこ, けいこ
河瀬希美, ゆいな
金森ことの, 相葉雪乃, あおい・あいり
村田ひとみ, みお
黒木ようこ, なるみ
岬唯愛, きりの・由愛
原えり, いおり
岡本まさこ, りさ
高樹沙苗, ゆきこ, あきえ
木沼さら, ゆい・しずか・有紗・円香
重村杏, ひびき・しおん・莉央・真理
小林ときこ, さなえ
嶋部優子, 主婦
戸田恵梨, 柳沢麗奈
福山さやか, 佐々木深雪
滝川けいこ, 神谷恭子
水沢エリナ, 林英美
桜井真央, 富永多香子, まお, ひろえ
白石このみ, 有浦留美, 山脇千絵, 菊地さくら, 有沢ルリ
田中梨子, 斉藤ナナ, 松田早紀, 華咲真冬, 木村彩
松下いずみ, 堀北あさみ, 保坂真緒, 保坂まお, 飯原真由美, 藤田かえで, 真緒
土田アンナ, 中西香織, 桑原和海, はるな
宮村ゆうこ, 平塚由利子
松下美香, 大河内奈美, 桜澤芳恵, 宮崎真弓
美月ゆう子, 長瀬優子, 岡崎靖子
安藤千代子, 宮下真紀子, 宮下千代子
橘仁美, 麻生恭子, 皆川雪絵, 千藤すず, すず
宝まゆみ, 西野麻由美, 米山由真
三島百合, 石黒千秋
村田英子, 村山佐知子
流川レナ, 山吹あずさ
北川さりな, 新田ゆか
佐伯優雅, 西岡麻耶
堀江ルイ, 川嶋夏樹, 神崎さゆり
百瀬優梨華, 和久井由佳
木下ナナ, まひるゆう, 早乙女優
加藤はるな, 赤坂アスカ, 渡辺美奈保
飯島めぐみ, 遠山あゆ, 南沙恵
朝倉さくら, 山下亜季
川愛加奈, 三ノ宮飛鳥
桜庭ハル, 飯島夏希, 飯島なつき
三村ちな, 杉本優奈
月城ひとみ, 松島ひな, 佐倉れな
高橋宏美, 中山愛, なおみ
青山佑香, 原田愛莉, 梶原帆乃香
戸田ゆかり, 田中陽子, ヒカリ, もえ
初美沙希, しずく
高槻める, 野々宮める, 若月芽瑠
三上香里菜, 真田レイラ, 三谷紗理奈
堀内夏美, ネネ
三浦めぐ, めぐ
大塚みく, ぱりこ
中嶋りく, 中嶋リク
新井未紀, ユカ
松島麻耶, 天城結羽, 松崎さや
神崎レミ, 朝比奈まなみ, 愛音さおり, 沢田愛莉, 鈴木ありさ, まなみ
内山沙耶香, 楢沢まさみ, マヒル, めぐみ
石田望, 松島洋子
小林南, ユーミ
加藤千奈津, マリナ, あかね
水原明日香, 岸田明美, ショウコ, みさ
安達まどか, 真田りさ, 足立まりえ, 服部歩
内田るい, 立見梨恵, みひろ
姫野まみ, 向井もも, 向井愛, 芦田花苗, 安田もも, ゆら, 美佳, ももか
南ゆき, 金井真帆
朝比奈みくる, 椎名みずほ, 海来ひな
綾瀬みやび, みやび
葵莉乃, 竹内志保, 石沢若葉, 佐野真純, 青井莉乃, 野本美奈
美月優菜, 淡野弥生, 松崎美緒
藤原キリカ, 及川麗衣香, 秋吉くみ, 川上智美, ともみ
瀬戸春乃, 富岡りさこ, 春愛美, 春川愛美, 岡本久代, 松崎綾子
三浦夏帆, 中路莢子, 片山菜々
前田優希, 星咲優菜, 黛里奈
黒沢麗華, ＳＡＲＡ, 吉川澪
中川あやね, 加納あかね, 柴崎典佳, 森谷和香, わか, あかね
鳴海せいら, 愛みこ, 有坂未央, 青山莉亜, 葉山みく, 宮島紀子, 安藤遥, はるか, みれい, みお
野々村みゆき, 野原あおい, 前田朝子
松下ゆうか, 愛乃彩音, 藤咲ゆうか, 広川律子
森下さやか, 楠本千恵
春日もも, 吉野ちあき, 佐野美鈴
若葉こころ, 浜崎瑞穂, みちこ
一条レイナ, 優木もなみ
松長千春, 森田のぞみ, 宮本あおい, 山本あおい, あや, あおい, 葵
長谷川莉緒, ゆずき
三原志穂, ありさ
藤木明日香, 立石悠, あすか
葉月紗絢, 吉井りお
清水由加里, りま, 久坂あずみ
小泉エミ, 土屋まゆ子
愛川セイラ, 星崎エミリ, 愛川聖子, 落合知子, セイラ, ヒヨリ
斉藤めぐみ, 道端レイ, 瑞樹忍, 金沢結花, 谷崎むつみ
河合みな, 坂口ゆみ, さとみ, 美奈
里崎あかね, 金森美奈, 森本愛
沢近由紀美, 宮崎綾子
相麻いおり, 大嶺準, 真理
藤咲純, 西村良子, 愛川良子
最上かえで, 最上楓, 茂加美楓
水川アンナ, 中嶋麻美
愛川みさ, 青山みさ, 姫居みさ, 坂本千夏, るい
羽賀なつき, 平野くみ
MIMI, 萩原ミク, Reina
宮川まゆ, まなみ
浜中まどか, 松浦優, ゆう
佐々木由佳, 松本香織, つくし, ちはる
谷花紗耶, 伊澄知世, 鍵谷沙織, 大島知世, 坂木麗奈, 立宮まな
須藤早紀, 須藤沙希
知念真桜, 佐藤夏美, 羽田まなみ, 井原のえる, 真央, まお, 香奈・ゆずき
美河さき, 美河早妃
吉沢江里子, 吉沢江利子
安田美保, 中井理子, 中井理乃
内山みわ, 斉藤かれん, 浜田美月, 内田晴香
小沢泉, 岡田理沙子
上谷涼子, ルカ
菊川亜美, 上戸亜美, 室井喜久恵
白金せりか, 大原れみ
相葉舞花, はる
北澤瞳, 水嶋智代
間宮志乃, 雨宮志乃
藤田亮子, 藤田涼子
早乙女瑞穂, 近江晴美, 真鍋千鶴, ミオ, ともみ
柳朋子, 上田はるな, さゆり
京みやび, 谷川みほ
春日もな, 吉澤留美, あざみねね, 鈴木ワカ, ねね, アキナ
新田亜希, 神谷みさと, 高坂レイ
黒崎セシル, 綾瀬ティアラ, 綾瀬蘭
北原由佳里, 森高楓, 渋谷宏美, かえで
佐伯真奈, 一之瀬美咲, ミヨ, のりこ
叶咲ゆめ, 金崎ゆあ, 夢野さき
青木るみ, 安達奈保子, 青木瑠美子, るみ, RUMI
片平恭子, 片山恭子, しほ
坂下美鈴, 小西沙良, あいこ
成島亜希, 成島咲
坂上知美, 杉本新菜, 菊坂友美, 羽島実葉, ともみ
優木リノア, 松永みく, 中島まゆみ
川本セリカ, 早崎れおん, 大塚雪乃, 持田ヒカリ
佐倉美佐, 斉木美佐, 藤吉那美, みさ
柳原理沙, さき
愛良ひより, 岸上あいか, 山瀬かおり
二宮春奈 , 市川はるな 
小宮詩織 , しょうこ 
華月しおん, 香月かのん
河奈ちなみ, 川奈ちなみ
杉原いずみ, 森山あゆみ, 森宮美雪, 田村有希
青葉雫, 山崎真衣子
梨果メリア, 柏木友美
高橋メイ, 高橋由衣
優美あい, 塩谷鈴子
山崎恭香, 山崎京香, 畑中真奈美
美月遥, 大崎あみ
黒木えみ, 秋山桃, まどか
三隅京子, 川島優奈, 三浦香奈子
永沢美鈴, 杉山麻美, 片岡しずく, セイラ
牧野つかさ, 山口梨恵子
ＭＥＧＵ, 麻生めぐ
飯島和香, 大城和香
早見るり, 児島冴子
森野かおり, 夏川もも, 北上もも, 桜井和美, 久美, もも
綾野みゆき, 雨宮優美, 杉崎綾, ミキ
山内智子, 水沢さより, 三宅美幸
森中智恵美, もりなかちえみ, 森中千恵美, 森中ちはる
池野朋, 三上沙紀
榊里緒, 榊リオ, 榊りお
森下ミレナ, 森高レナ
里中ゆき, 長島亜美, 野村美保, 三浦すず, なおみ
及川麻希子, 的場沙紀, 北見優花
西岡久子, まり
七色さやか, 石原梓
西山エミリ, 椎名栞季, きよは
芳野京子, 青山祥子
藤咲エリカ, 藤田まみ, 岬絵里香, 森下りえ, かりな
中島のりあ, 加藤夏美
笠原あおい, 渥美イオン, 徳澤エリカ, 多岐川秀美, 稲森須美子, 金子みえ, 金子美恵子, 青木レミ, 江田美波, みほ
貝満ひとみ, 鮫島琉生
三田かなみ, 柴田亜衣, 坂下純菜, アカネ, かなみ
花田静香, 堤由香, 佐倉佳織, ユメ, ゆうか
篠原奈美, 市松さゆり, 夏目さやか
北嶋あん, 大島あいる, 鈴木あいか, 性欲処理マゾマスク０６号
霧島あんな, 霧島アンナ, 佐伯実里, アンナ
阿佐美里佳子, 福田昌子, ゆり
平子さおり, 吉江晴美, カオリ, さおり
小山愛子, 小暮雪子, ナツキ, 聡美
春名蘭, ツカサ, ラン
横田恵子, 宇野千枝子
杏樹紗奈, くるみひな
更田まき, 清野ゆり
小野こゆき, 宮本はづき, 成田翔子
そらのゆめ, 間宮ココ, 間宮ここ, 三浦彰子
黒木麻衣, 花野真衣
高沢沙耶, 加藤まみまみ, 森島あや, 沙耶
祐花凛, 佐伯ひなた, 玉川ルル, 園田ルル, ラン・レイ, 島村りく, 佐々木明日香, 松涼子, ほたる, ゆうか
柏木みなみ, 相模原繭, わかこ
今井まき, 佐倉凪沙, 河島晴香, かれん
愛乃なみ, 愛田ミナミ, 長瀬真子
清水杏奈, 吉野恵理子
坂下まい, 西川慶子
水希千里, 朝倉美春, 末次由希
瑠菜, 瑠奈, 安西瑠菜, 安西るな, 月島凜, 竹田ルナ, RARA, 桜井琉華
胡蝶蘭, 大城咲季, せんり
真咲えな , 松浦さき, まさき, えな, じゅりあ
中山ゆめみ, なつめ, まひる
大森美玲, 大森美鈴
斉藤依子, 冴君麻衣子, 金城梨花, 新城由衣, 梨花, 白石ナオ, 倖田りな, 藤山美沙希, 大庭菜津, 仲谷広恵, 中川蓮美, リナ, アキ・アリサ・りょう・みゆき・奈々・ゆり
香田知世, まおみ
神楽メイ, 小川瑞希, 相川理沙, 小泉ナンナ, 太田まり映
小鳥遊恋, 高梨恋子, 手塚みや, 沢田珠里
音羽栞那, 本橋知佳, 宮井貴子, かずこ, かんな, 朋子
黒田麻世, 若槻朱音, 松井理緒, 田中真理菜, 滝沢麻世, 小林菜月, 野田久乃, 桜井今日子, 嶋田恭子, まよ, 萌華
浅田若菜, みさこ
小森詩織, 柴田恵, 土屋麻由子, えいこ
相川美由紀, 神藤裕美, あけみ, ナナコ
北川ケイ, 木内瀬菜, 柚木遼子, 松田春香, ミスズ
鈴木奈美, 軽石恵, 上山美香, 木村あみ, 藍那
松井めぐみ, 斉藤ゆりか, 城島宏子, めぐみ
大島さおり, 東野愛香, 夢野しずく, しずく, まなみ, 直子
椿みらい, ゆめ
後藤しほ, 新井雪奈, 菅井千秋, しほ, アキ
酒井恵美, 吉田敦子
富田杏里, 松本千春
滝川彩華, あやか, AYAKA
小倉りえ, 立花由紀, サツキ・マユ, ツカサ
大澤美鈴, 麻衣, レン
美神まりな, 深沢蒼, 伊良部恵梨麻
青田友里, 富沢芳恵
藤田由美子, はな
中野瞳, 上田美咲, ユウコ
大沢里菜, 市川みの, 藤井あい
山田まき, 篠村めぐみ, 鷹島みや, さゆり
舞島弓佳, 日向
一ノ瀬麗花, 坂下奈穂
神崎セイラ, 神崎しほ, 野村はるか, 中西佳奈, セイラ
西野あいこ, なみえ
近藤千夏, 板垣瑠奈, ルナ
平清香, 愛加あみ, 鈴木きあら, 美空あいり
原田祐未, 佐藤里奈, 静香, ゆきな
前田さおり, 中野ひとみ, 内村萌奈美, さおり
向井夏海, 池乃栞
石田舞香, 蘭子
尾崎なのは, 小倉菜津
有坂夕那, 中田井晴海
小松ひな, 太田まみ, 大野りりか, 大家あみ
雪名まおみ, 西村このは, 内山真央美, 山中秀香, 磯山香苗
立花愛恵, なつみ
三浦春佳, 西川七瀬
広瀬晴子, 宮沢まき, 斎藤りな, 白鳥真衣
西村ニーナ, 雪平こよみ, 大沢かえで
立花果音, 水田早紀
岸本知世, かなこ
黒宮和香, れい
広瀬奈々美, 堀口奈津美, 恩田ほのか
春山彩香, 佐藤悠美
仁和島りお, 垣内里佳, 渡瀬公香, 莉央
植田陽子, さゆり
青木れん, 伊東佳穂
友瀬凌子, りょうこ
迅野仁美, いつき
服部真珠花, みすず
このは, 中山あきな, 大西好葉
牧野美来, るあ
南のん, 南野あん, 南らん, 相川すみれ, 久我原奏恵, サキ, みえ
吉田舞子, 大橋香菜, サヤカ
真田マリア, 森野日出美, マリエ, のぞみ
南ここ, 松井亜由美, ユキナ
椎名まどか, まどか, 馬場園さとみ, 阿部涼子
徳井遥, 星野沙希, レイナ, ようこ
橋本美希, 樟葉由香利, マユ
岡本歩美, 小林琳, ジュン
花田亮子, まお, あきら
芹沢美華, 谷村志保
大原あけみ, 松下祥子
小田原信子, 西村江利子
伊藤まい, 響まい, 筒井有香, まい
白鳥寿美礼, 加納栞, 吉尾弘美
日向小夏, 吉井みな, 真野絵里奈, 青葉ちはる, 小泉美奈, 桜木有沙, 鈴木京子, しろやまかなえ, らむ, 水野夫妻
朝日陽菜, 手島若菜
川本由紀, 木崎真希名
押切なな, なな
天川ひとみ, ひな
長谷川つかさ, 井岡恵美香, リサコ
水谷杏, 夢咲かのん, かりな璃音, 鈴井穂波, 遠藤京香, 吉岡鈴江, 浪川千香, 柚希, りおん, まなみ
結菜さほ, 関根真希奈, ゆいな, Saho
成沢絵美, 長山蘭夢
木下かおり, 橋本ゆか
喜多見樹里, いおり, ゆな
山崎亜美, 千夏
上原空, かすみ
熊田ありさ, 吉澤麻衣子
川島千愛, 一美
西園寺なな, 井上真由
水森あおい, 水野あおい
立花瞳, 伊藤まり
鏡麗子, 川本亜矢子
小野寺梓, 吉井泰子
日高ゆりあ, 日吉ゆり, 佐迫恵美, ゆりあ, YURIA
木下みく, 田原眞澄, さえ
小川奈央, 小川菜央, 河合成美
奥山かおり, 奥村かおり, 奥山はるか, 今井優衣, 古澤妙子, 上原早紀, ゆり
小倉あかね, 加藤ゆみ, あかね
柳こずえ, 高田春菜, はるな
杉木あや, 杉木彩, 杉尾怜奈
伊東エリ, かおり
白原理香 , ひなの 
一ノ瀬アメリ, 栗栖エリカ, 美空あやか
渋谷りな, 上戸さや
近藤結衣, 坂田真紀子
早瀬めぐ, 水川ゆうり, 奥山敬子, 川上ひかり, 色彩音色, ゆうり
葉山アリス, 南田明菜
希咲あや, 冴島唯
中居ちはる, 篠崎ちはる, 新山瑠衣, CHIHARU
こずえまき, 一ノ瀬あすか, 一之瀬あすか, 山田まみ, 阪上奈緒, 宮崎奈緒, 坂本かすみ, 藤城麻紀, こずえ, まき, アヤ・リナ
若菜ちえ, 片岡希, 内海真菜
はづき, はずき, ひびき, たまき
キラリ, ＲＩＮＡ
葉山かえで , ゆか 
川口琴美, 戸上ちかげ
栗原萌香, 遠野しほ, 長野由紀, 朝藤乃愛, 小松恵利香, 遠山しおん, しおん
前田光, 小野有沙, 杉山リコ, ユミ
紗倉梨央, 松浦優美華, 木本由香, りな, レイカ
増宮浩恵, 野沢小百合
酒井佳奈, ひかる
青山愛, 塚井順子, 貴子
神谷つくし, 笹山今日子
草川栞, ユリ
古賀晴香, 日下部千晶, 諸岡菜美, ナツキ
山下彩香, 星合ひかる, 阪本りか, 山下綾香
橘みちる, 星野かおる
香野ゆかり, 三田香苗
八幡原あきこ, りおん
大原ゆり子, 大原ゆりこ, 坂下淳子
高梨幹子, 石田泰穂, 三木谷梨果, 里中道枝
三神理沙, 水野結月, 鈴香
小宮山えみ, 相川めぐり, 真奈瀬あき, 小松美和, 佐藤玲子, 辻川ひろ乃, 麻生みく, 鈴木千里, 小山加奈, めぐり, ゆり・めぐみ
山下霞, 市川あゆみ, 栗田朋, 早坂舞奈, 桐島紗弥, 貝塚さくら
MERU, 星咲ひかる, 松浦菜緒
望月るな, 木下祐里
綾瀬ゆい, 綾瀬唯, 田中美里, 多田あい美, Yui
野上れん, あい
沢城ゆり, 沢城百合, 内田礼子, 鳥井有里子, 矢野由希音, ゆり
石田沙織, 砂山梓, サキ
大場ゆい, 小松なつ, なつ
酒井綾乃, 竹岡由美
橋本美穂, 長門桜
悠木美雪, 早川玲菜, 岡田優子, 塩井沙理奈, 雨宮ひかり, ナオコ
工藤みゆき, 柘植章子, みゆき
中野恭子, 白音絢香, 宮崎リコ, 松下若菜, 天音みこ
如月冴子, 天霧真世, 華城咲, ジャネット藍, 安江公子, マキ
菊川麻里, 菊池まり江, 玉置奈美江, まり
雨宮かおる, あまみやゆう, 雨宮かおり, ＹＯＵ
菊川蓮, 水木涼, あい
ゆず, ゆづ
椿みゅう, 橋本幸恵
高見礼子, 原田京子
野神和沙, 西本昭子
ともみ, あやみ, ゆい
小野ほのか , 川崎礼 
和久井もも, 綾野佳澄, ももこ
浜中あゆ, 綾波レイカ, あゆ
相沢もも, 小日向ひまり
阿立未来, 足立みく, 栗山未来, 森野はる, 安達はる, 未来, みく
赤坂れい, 南れいな, 安達みゆき, 谷原綾香, ゆりえ, 香苗, ユマ, まなみ, みか, ひとみ, Sayaka Wakamatsu
篠原仁美, 久須田あいり, 愛莉, まや
みなみのこ, 姫条ゆき, ゆき, なおみ
さくら林檎, りんご, 川上林檎
三谷さくら, 青田奈々, つばさ, 美佐
斉藤亜樹, 須永麻衣, あき, ゆみえ, あいな
柏木あすか, はるか
三谷希, 千葉あゆみ, 東条美亜
まや, 蛯原愛美, 井上マヤ
夏川えり, 森崎杏那, 秋場莉緒, 西島玲奈
ほしあいな, 水野ありす, 山野ありさ
木下若菜, 白石志穂, なな
早坂めぐ, 城戸さやか, 倖田るり, 坂下恵, なおみ
野々宮ヒカル, 小嶋眞由美, 矢島智子, ヒカル
柊美緒, 竹田かおり
栗山こい, 吉澤りぉん, 浅見流知亜, 飯塚響子, 菅原紫鶴, 小川原紫鶴
橘ゆうな, 畑山うらら, 戸田麻美, るか
稲葉智世・小野田加代, 前原芹, 司, みう’
遥とわ, 三嶋知恵
重森香澄, ゆうか
今泉花菜, 手塚あかり, 白雪結花, 高畑舞花, 山崎麻里子, 杉崎明美, 上村澄穂, ゆか, のぞみ
黒崎潤, 阿川蘭, 井上真央
横山朋美, るか
米倉あかね, 杉浦美空
篠田香里奈, 嶺川有希, 石上麗子, ありさ, みなこ・やよい
浜口里瀬良, 渡辺聡子, 山崎りん, 麻紀, みなみ, りん
今井沙月, 周防公香
七海, 山岡沙奈
愛内陽菜, 園部照美, ちな
黒田礼子, 福西孝美
樹村江美, 三宅陽葵, 石川陽葵
篠田ゆき, 倉田菜緒, 宮崎沙耶乃, ちひろ, 七緒・みよこ
湊純恋, 坂本桃花, のぞみ
一ノ瀨リオ, 棚橋エリー, 笹宮ゆりか
立川雪絵, 高原雪絵
小嶋ひより, 元山はるか
神楽アイネ, 真鍋はるか, 前川久美佳, 水野遥香, かれん, チエ
山下杏梨, 沖田早苗, 加藤真由
青葉はるな, さとみ
菅野みらい, 未來, みき
浜崎恋, 上村紗雪
白河カイリーさや, 白川さや, 加地千恵子, 由川いずみ, 紗也
有田しずく, 村上明日菜
杉浦夏希, 久世美和
山森絵美, 沢井公佳, 井岡早苗・マナミ, サキ
白井友香, 久保田絵里, はるか
ナディア, マドレーヌ
松村かなえ, 荻野紗織, シズカ
岩下桃華, 奥菜アンナ, 市来美保, 姫野ゆうり, 仲間あずみ
栗原葵, 花穂, 小杉夏帆, 鈴香, あおい, kaho
若月まりあ, 星まりあ, 太田美穂, 近藤ゆかり, 琴吹まりあ, 二ノ宮麗華, 吉津真理子, なおこ, まりあ
篠原由香子, 篠原ゆか子, 大島咲希
中川藍, 大塚菜々
森下リカ, 重盛奈緒, 保険外交員真紀
月嶋ありす, 小林洋子, 西村瞳, 藤田彩乃, のりこ, さくら, あきほ, ひとみ
杉崎ななみ, 大原エレナ, 宮田彩実, ステファニー・マクレーン
藤田りかこ, 新垣奈穂, 小島梨咲, 前田さつき, 沢尻涼子, 吉永小夜
太田愛, のぞみ
柴田祐実, 瀬川亜衣里, 篠原亜衣里
小椋早智子, 畑野麻由, 坂田継美
神崎久美, 神埼久美
山本ちづこ, 山本ちづ
佐々木果穂, 秋元莉菜, 武田星羅, 平山まりえ, 進藤みき, 河村希実, かほ
蒼井梢, 尾上美加
kuristhin, 華美
上本里子, 蒔田松恵
小倉翔子, みすず
塩原美月, 美智子, 加賀谷優菜
工藤萌子, あかね
陽向なの, 陽咲花音, 雨宮優香
安部純子, なな
矢沢しおり, 矢野レナ, 加藤心美
小原あゆみ, まさこ
優木りょう, 田西奈々美, 香凛
月島杏奈, 岩崎香澄
朝倉なぎさ, 林敦美
夏目あや, すず・のあ
雪菜希, 小野美菜
美月笑麻, 香山瑞希
KYOKO(きょうこ), 京野圭子
中澤栄里, じゅん
有村ゆり, 河合あずさ, かな, ゆうこ
坂本愛海, あいみ, 坂西真由美, 愛海
葵凪沙, 水沢晶
青山彩月, さき
西条沙羅, 果山ゆら
長谷川夏樹, 野津亜梨紗, 山村鈴, 星川夏樹, 藤島まりん
美波あみな, 吉高みずほ, 鈴木めぐみ, 矢追優希, あみな
堀江千花, ゆきの
佐伯ほのか, 真田久美子, カオリ, カナ
木下寧々, 小嶋夏海, 植木千亜沙
九条ティアラ, ライム
山室美樹, メグミ
高早美波, 舞美, まいみ
女沢理沙, 篠宮麗香
野本さくら, 富永伊智子
並木沙耶, 奈良ゆずは, 石川まのん, 麻宮穂奈美, さゆり
竹村かおり, 皆川多香子
明海こう, 小泉まり, 藤木美夏
木村美羽, 本宮樹里
田巻陽菜, 桃瀬まい, 川本愛, 古崎ななこ, 白井ななこ, 美紗, 美樹, マキ・有希・Rちゃん
佐藤美穂, 室井凛, はづき
新木まどか, つばき凛
逢沢はるか, 黒木琴音, 中山早紀, 松山愛
大沼博子, 美月寛子, 小淵八生
西岡奈央, 芳崎由香里
あおいはる, 真波月美恋, 一条游, 真田芽奈, 石塚俊美, 桐崎夏希, なつみ
佐々木奈菜, メイ
長塚友里, 崎山慧, ケイ
アリス, アリス マーシャル
なおこ, あいな
華月さくら, 沢木りりか, 神崎京子, 吉永りさ子, 吉永みち子
吉川裕子, 速水奈々恵
小川樹里, 佐藤真央, 西尾けいと, 片岡乙葉
加藤みゆ紀, 花城あゆ, 北原真那
広田由香利, 小松原紗代, 好美
池上桜子, 佐々木詩織, 斎藤しず香, ちひろ
水原ひめか, じゅん
鹿嶋唯子, ねね, すみれ
内村まどか, さおり
浅野かすみ, 綿樫早苗, えいこ, ゆうな
瓜生ゆな, 北川留美菜, 佐竹怜子, 佐谷みおな, 宇野みおな, 由奈, あんな
乾優奈, 乾優那, 紺野千里
井森まな, えりか
佐々木奈々, 川島さや, 前橋ルミカ, 高梨玲奈
桃原茜, 市川優菜, 永沢ひかる, 大石友美, 梅原葵, 秋田雪乃, 田嶋香夏, 杏果, ゆな, あおい, 菜七
笹星ゆな, 里中みき, 松川ことみ, 香山美砂, 琴美, さき・まなみ
桐原莉那, 桐原りな
愛莉, 性欲処理マゾマスク 
伊賀けいこ, 井折紀子, なみ
レイコ, 小坂麗子, 川崎理佳, マナミ, ようこ
早乙女らぶ, 大島ちろる, 目々澤めぐ
浜崎りお, 里緒奈
橘かれん, 水月あおい, 椎名柚子, 伊村春子, 葵, 千春
いつか, 笹岡三咲, 峰島今日子, 岡本裕美
篠原美咲, まいか, Misaki
後藤麻友, 三木聖美, 高木瑞姫, 岩崎理恵子, 駒木根麻由, 和田香里
咲良ひとみ, 椎名みゆ, 中原翔子, 西川基美, 相澤真結, 笹川夫妻, まや, みゆ
天音こころ, 浅田すみれ, 石山亜衣
白鳥ゆな, 真佐喜ゆなの, 間宮千夏, 菊川怜子
石川ミナミ, 坂井菫, リアン, あみ, みなよ
中西美里, 大林真沙美, ヨミ, まゆみ
木下藍子, 山口尚子
木戸麻美, 木戸麻実, 加村雅
速見琴子, しほり
間島瑠未, せりか
伊藤美侑佳, 辺見亜理紗, ケイコ
原佐知子, 平野仁美
ましろあい, 愛代さやか, 森村あや, 佐藤ありす, 澤田聡美, 加納彩夏, 三宅風花
新井くみ, 來未, 篠山一枝, 横房蘭子, ゆうひ, ゆき, くみ
梅澤かほり, かほり
桂木まどか, ゆみ
鈴南ほのか, 神崎流唯, 神埼るみ, 神崎るみ, 河本いすず, 宮下保奈美, 岡田薫
石田実紗, 真由美
山本美桜姫, 桐生琴音
青木ゆか, 真坂早苗, ユリ, 竹下先生
杉山えりな, 岡本理紗
美作彩凪, 時見愛子, 真行寺あゆむ, 本多成実, 本多なるみ, 楓まお, 時東あい, 本藤有希子
伊原詩織, 黒谷りょうこ, 黒谷凌子
草凪純, 加納瑞穂, じゅん
大竹かずよ, 福本道代
小嶋彩夏, 海老原詩織, 新居百花, サクラ
安西優子, 鈴木なつ
早瀬礼香, 内藤より子
片山美月, 女性ライター
水木りりか, 藤本万葉, アヤ
井上百花・しょうこ, 伊東愛理, ナミエ
白戸さおり, 中尾弥生, 加藤まゆみ, 山野靖子, 中江志乃, りお, あいか
西川ちひろ, 中井清恵, 東まひろ
笹木波留, 坂町日和
篠崎美千代, ゆかり
羽奈美すず, 矢吹エリ, 岡田奈穂, 桐澤あいな
柏木のぞみ, 加藤かすみ, こころ
石田美奈, 梶木優紀, 待田紗友里, 里穂, みき・まり
牧野里美, 黒沢佳奈, 中江碧, 由美, 里美
折原ほのか, 赤井美月, 萩原果歩
青島かえで, 柿崎理央, 松山莉緒
なお, 山部梨乃, スズカ
会田早紀, 山浦真理, 篠塚佳恵
あかね志帆, 真白愛梨, 眞白愛梨, 園田ありさ, えみ
安岡沙希, 安岡紗希, 広瀬真琴
栗田佳子, 坂巻香織, ミズキ
神田桃子, ミカサ, さくら
佐久間和香, 中山星花, 桝元唯, さりな
中杉真奈美, 金田郁子
安堂伊織, まこと
七瀬ともか, 矢澤優香, 原田仁枝, 金森仁枝, Tomoka, ともか
五十嵐すみれ, 榎本るみ子
霧島さくら, 朔葉あすか, 性欲処理マゾマスク 
加護あんな, あい
雪谷美鈴, ゆか
松本まりな, 奥田美須絵, きょうこ
小嶋ゆき, 佐倉みゆ, めぐみ
木村愛理, らん
あかり優, 優香りあ
浜口香織, 水島知世
星崎みか, 山本リサ, 柴山萌, 蓑茂華世, マナミ
須藤紀子, 川口寿子, 紀子
宮坂由岐, 瀬尾明美
金子きい, 金子キエ, 有馬めぐみ, 柴田真帆, 裕子, きの
黒木歩, 宮村恋, 相本恵利, 長田香苗, 的場怜, れん, 歩
宮下夏帆, 岩村知香, まほ
西川みずほ, 岩下晶子, 深見あづさ, 佐々木優子
佐久間梢, 横山理香子, こずえ
菊川里菜, 川島明日香, 小嶋優子
木島るみ, 石倉早苗
坂上ゆあ, 朝比奈めい, 上坂あゆ, あゆみ
双葉みか, 来海みさ, 稲森まほ, ゆずき鈴, 南みか, みか
夢咲もえ, 南方さき
田辺莉子, 田部りこ, 湯川愛菜, 永橋香織, 田辺保奈美, 飯塚真穂, 茅場藍, りこ
白川ゆかり, 黒川優花
涼宮ゆい, 藤川佐織, すず
青山ひろみ, 山本美雪, 燵貴コウ, 小野寺望, カオリ
神崎るな, 岡崎みゆ, 吉沢亜希子, るな
霧島真奈美, 横山幸子, ミク, あやり
佐和彩花, 山見ゆな, 米倉葵, 尾上奈津美, 倉田則子, るりこ, サチ
里井ゆいな, ヒナタ
杉本レイナ, 七海明海, ルイ
松村かすみ, 松島朋子, 琴葉, 麻衣子, さとみ, はるか
高木礼子, 横井玲子
山下美麗, 島田琴江, 麗香
五十嵐蘭, 優子
中村心美, 松本優逢, 矢田未来, 萩原優逢
岡田瞳, 榊祥子, 原田由香里
キラリ, ＲＩＮＡ
葉山かえで , ゆか 
青山りんか, 本田恵美
白鳥聖子, 時田礼子
藤原絵理香, 藤井恵里佳
秋川真理, 秋山真理, 前原佳恵
美波翔子, 北条あみ, 菅谷もも, 菅谷桃, 由紀なつ碧, 西野優子, 岡村春子, 大島みゆき, あみ, ゆき, あかり
伊沢夕, 斉藤容子, さとうのりこ, ゆう, リョウコ
蒼葉ゆめ, 浅野柚奈, 竹田奈緒, 中野ひかる, 川田真子, みさき
天海ゆり, 愛子
新堂有望, ゆみ
元木ひなよ, ひなの
愛川京香, 紅蘭, 蘭
赤坂美月, 磯田郁江
葵うさぎ, 平井麻耶, さくらもも, 広瀬梨枝, 鈴木紗恵子, 牧野美咲, 野村優, 柴谷美咲, 優子, まりこ
楠南, 石川あいみ
春瀬なお, 石井りの, Miyuki
酒井優菜, 姫野エリカ, 春川さくら
五十嵐えりか, 宮本亜美, りんこ
佐々木涼, 石山リョウ, 黒川たかこ
東大寺あいら, 宮本里美
酒井みゆき, 川島英理子, 鈴木美樹, ゆず, りな
榊みゆき, 三浦沙織
椿さりな, さりな
セナ, サヤ
安藤文香, 谷ふみか, リカ
本山由美, 山崎美優, 中村今日子, 小柴純恵, 美優
早川さよ, 美月玲奈, 東條七海
渚いずみ, 熊谷由紀子, いずみ
根元りお, 蓑股加代, 沙織
坂野弥生, 野本友理, 青木優子・エレナ
片岡暁美, 富田郁子, 綾小路綾子
田中あや, ちか
木田尚子, 木田美優
椎名ひかる, 羽川るな, るな
三沢明日香, 辻田沙由里, 高木沙由里, 里中エミ, 明日香
一戸のぞみ, 綾乃梓
天野小雪, 桐谷良美, 伊藤由美子, 小泉綾音, 小雪, 百合香, 現役ＣＡ
吉田花, 藍子
内田美奈子, 美智子小夜曲, 米井貴子
黒田京子, 愛媛鏡華, 矢吹杏
天野円香, 薬師寺里美
白咲未羽, 白咲美羽, 海野のどか, 赤崎美優, 白石真理子, みう
横山久美子, 蓮見春江
小久保明日香, さゆみ, リカ
北川沙織, 深田めぐみ, 天音はるか, 牧野明日葉, 星野友紀, 笠井恵美子, 由里子, すみれ
ふわりゆうき, 和久井なな, 高野満里奈
小司あん, 平子知歌, 柚木まひろ, あん
秋月彩乃, 中村香月, 秋月さなえ
河西あみ, 来栖千夏, 杏あずさ, 浅倉京香, あみ
相田みき, 阿井みずき, 阿井みづき, 宮原亜沙子, 佐藤乃愛
曽我綾音, 川平霞
姫宮ありさ, 赤崎美音, 姫野愛子
青山亜美, 橋本莉奈, 庄司慈子, 原田あみ, 佐々木琴音, 青空舞, 葉山あかり, 瀬野光, 園杏花, まい
水原薫子, 佐伯かのん, 篠田涼花
椎名優, 向井杏
永田優香, 中井綾, 石原仁美, 吉田良子, みな, アヤ
水玉レモン, 瑞乃れもん
上原結衣, 上原志織
美津屋麗子, 江角理紗
初芽もえ, 青木美愛, 牧瀬美愛
越川アメリ, 星月れお
糸井仁美, 野中美智代
飯島陽子, 三船遥
花咲あん, 宮田加奈子
並木あゆ, 安田真弓
橋本早苗, 岡崎早百合
篠原仁美, 三上理紗, モナミ, りさ
立石ひな, 大谷京子, 松枝隆子, まなみ, 聖子
新山沙希, 野間仁美, 白鳥ゆかり, 上野由佳, セイカ
上条藍, 華蝶楓月, 小林恭子, 溝口ひとみ
鈴木里奈, 平山基佳, 新山志保里, モモ・りか・理香
長瀬美紀, ちさと
みゆき, なおみ
篠田あゆみ, 池田美和子
篠原ゆきの, 山本麻里子
青木美智子, 長崎宏美
新美もも, 佐々木綾華, 岸田杏里, 春乃さくら
杉崎絵里奈, 河島望美
玉井理紗, 祥子
北島玲, 玲丸, 美由紀, 性欲処理マゾマスク 
上本莉央, 神村江美里
間宮つくし, 小嶋瑠璃, 結城かずさ, 青山みかん, 川部美佳, さゆみ, ユウ
宮崎愛莉, 上原美帆, 性欲処理マゾマスク
冬雪冷, ゆきの
冴木真子, 大沢英美子
蛯名りな, 早乙女茉莉, 笠原まき, ちえ
苺ミク, 紗弥, 柴崎真希
浅田ゆり, 沢木英里子, 百合
森山愛子, 小野寺優子
真中陶子, 和久井麻理, 藤川未海, 木之本七海, 真宮俊子, みやこ, とうこ
一ノ瀬あやめ, 西山明, 文月, かなと沙奈, 大塚舞, 上野みき, 明衣
八重いろは, 湯浅まみ, 南乃由妃, 前田美保, 西森美咲, 真宮寺彩乃, 山岸香澄, ゆうり
小宮山せりな, 清水好子, 野沢せりな, りさこ
河村りか, えりか, りか
松浦みつき, 沢井貴美香, 大塚美和, 松田杏奈, 藤田かおり, 西村彩乃, ほのか
永作柚美, ねね
篠宮香穂, 七瀬琴美, かほ, ことみ, かほ
彩瀬りえか, 綾瀬りえか, 江尻皐
新条みゆ, みお, みゆ
福元美砂恵, 仲間麗奈, 大崎愛美
真柴愛, 藤崎絵美子, 西浦香奈子
愛嶋リーナ, 深津ロア, 麻美ゆい
新垣美緒, なほ
松川あやこ, りりぃ
内村美智子, 南原美智子, 篠塚真子
石倉えいみ, 神田美穂
西野紗江, 宮下真紀, せつな
菅野由樹菜, みりあ
菅野ゆりあ, 橋本愛美, 神戸まどか
鳳生つばき, 中村佳子, 安生つばき, 石田理奈, 東条さくら, 神原玲奈, 前田静里香, 池ノ内嘉乃, ほなみ, くるみ, つばき
青山ゆうゆ, ゆうゆ
水谷しずか, 前野久江, のりか
杉原えり, 杉本恵理子, 田中麻里奈, 杉山薫, えり
乙音るい, 葛城裕子
大島なつ, 立花結依
伊東夏帆, 川口愛理, 夏帆
紺野渚, 鹿野渚, 早乙女優子, 倉沢真由希, 弓束ちひろ, ゆみの, なぎさ, モモコ
今井ゆず, 近藤藍子, のどか, あゆ
羽生ありさ, 小峰ひなた, 叶みわ
本宮栞, 本宮しおり, 菊池真奈
桐嶋ルル, 小田切りょう, 多岐川みなみ
さくらの, 三浦直緒, 横川ちづる
青木瀬奈, 土屋ミサ, 新山莉央
加藤あつみ, 柴山ゆかり
阿当真子, 合沢萌
蓮見優里亜, えみり
水沢舞, 平井美奈子, 辻里恵, きょうこ
大谷智子, 安原那美, りさ
木野由紀奈, 中西紀美恵, 沢村みすず, みな
林原栄子, 菊池沙也加, 山田幸子
葉山瑶子, 葉山遥子, 松永八重子
波純子, 小野寺よしみ
田村のぶえ, 田村香織, 山本まりこ, 田村信江, 吉永香織
小久保真樹, 笠原祐子, 黒川ゆう子, 吉田博子
相川かおり, 霧島順子, 山村志乃
愛原純, 愛原順子, 相原純子, 愛原純子
伊藤ルナ, 桐矢礼央, 所まりあ, 吉村真弓
石原あすか, 山瀬真理
早乙女あずさ, 上原レミカ, さち
近藤玲奈, 中山梨奈, あやの, レイナ
小鹿ルル, 飯塚ここみ, 本村奏
風見ララ, 寺田玲依子
風見リオナ, 春日あゆむ
小笠原愛, 朝倉ゆいな, 浅井ゆう子, 安田紗枝, 加藤ゆいな, ＡＩ
ＥＭＩＲＩ, 野口麻紀
あいみ沙希, 河合亜美, 上原真美, 吉川真紀, 武内麻友, SAKI
小辻もえ, 稲盛美奈子
黒沢麗華, ＳＡＲＡ, 吉川澪
中川あやね, 加納あかね, 柴崎典佳, 森谷和香, わか, あかね
森田加代, 大場久美子
游木りな, 游木ニナ, 游木菜々美, 平沢結愛
鈴原愛子, 松下来未
丸山弥生, まや
みのりしょこ, 中野翔子, 佐倉あんな, 宮山沙耶菜, 松浦美景, 翔子, しょうこ
むつき, ゆう
中原すみれ, 八坂詩織, マヤ, まゆみ
神田奈々, 竹永恭子, さゆり, ナオミ
手嶋ゆな, ゆな
美咲菜々子, 小野里美, 吉永紗理奈, ななこ
小田原美涼, 美緒
松下りん, 藤田真沙美, 坂上歩美, 理乃, ゆき, りん, 莉花, わかな
相澤さなえ, 半谷明美, メグ, まみ
七緒果帆, 斉藤真奈美, 小暮真稀
椎名りりこ, 杉原さとみ, 橘花音, 西智はな, 山本里奈, れな, 結衣
山根美加, 山路和沙, 徳永美沙, 美雪
杉本はるか, 藤本紀久子
月野アン, 月野杏樹, 周防かんな
岡崎まひる, 公文由理, 相良優々香, 由佳
遠藤歩美, 諸岡美和
芦田まい, 鮎川由芽, 佐久間里依, もも
椎名理紗, 宮園くるみ
佐古玲良, 河野亜沙香, 関根美鈴, 渚
森川ひかる, 後藤みなみ, ひとみ, みさ
純野静流, 滝川かすみ, 真木麗子, 滝沢しのぶ, 静流
千尋, 森あかね, いちか, あかね
早川メアリー, 橘アイリ, 立川安奈, メアリー
多田淳子, 川野初実, みづき
白沢静, 藤沢麻紀, 泉美, みな
鈴花, 花宮加奈子, 若菜百合子, 民中安葉, 志保
根元えりな, 向島歩美, ケイ
岡本りつこ, 干潟千加子, みさと
高代加奈江, みき
浜本裕紀子, 藤本典子
相本みき, 橋本りん
仲村えれな, サリー, 仲村さり
嶋崎かすみ, 姫野京香, ４５歳バツ１熟女
永山麗子, ４９歳奥様
大谷翔子, 泉麻里香, 川田小波, 曽根本あかり, さよこ・えみ
高橋まほ, 高野真帆, マホ・リコ
宮崎アンナ, 長友寛子
上原ゆうこ, 細野小雪, 滝井晴菜, かえで
笹倉真奈美=坂本美波, まなみ
中西南, 羽田サラ, 須田比美香, ちさ・紗彩・るび・えり
中村せいら, ティナ
池元ゆい, 池谷君枝, まちこ
宇佐美たかこ・沢村みれい, 愛奴
木村ゆか, 入栄加奈美
内田ゆり子, 稲森伊久枝
上本ゆり, 有岩麻弓, アリサ
きょうこ, ひろみ
水無月あさみ, 青葉心, 心
藤井みさ, 赤西しほ, 麻耶, メイサ・まさえ
安達優香, 相川優子, 永田洋子
滝田恵理子, 秋田美佐江, 芳美
藤堂結衣, 里山舞
花岡加菜, 愛葵いちか, ひまりいちか
佐藤真梨, ひびき・えみり
桜井みなみ, 槙野りお, ひなた
東條麗美, 満嶋陽子, 大倉ひろみ, ひろこ
沢口百合加, カナコ
涼海まりん, 杉浦昌代, 森理都子, 白瀬ゆりあ
宮内静子, 太田浩子
土井詠実, 小早川沙苗, あゆみ
秋山しおり, 橘みずほ, ひな
工藤久美子, 松部るな, 中田エリー, 神藤和美
リナ・ディゾン, みずきあんな, 西野紗江, 水沢愛華
桜井りか, 小山内由樹
東條あき, 安西かおり, 菅崎雅美
来栖もも, 菜々緒まどか, 綾川まどか
秋山さえ, 上野さおり, 金田かえで, 高田真由美, 林田里愛来, 佐絵, さえ
板垣陽菜, あさ美
松本千尋, ひろみ
雨宮ののか, 野々原まゆ, 関根ほたる, 真鍋更紗, Nonoka, ののか
南あゆみ, あゆみ, 岡島奈穂美
まりか, 長谷真理香
川崎紀里恵, 結城恋, 青池このみ, 大葉由希奈, 江田島美咲, れな
浜中ゆうな, 飯田百合奈, はるか, みその・れい・なな
鹿野樹里, 落合祥子, 長谷川結衣
葉山瞳, 中川美鈴, 北川かれん
あんざい沙世, 美神あや, 川嶋亜希, すみれ
碇夏織, 鈴木美鈴
中村加代, 安田美紀, 本原奈々, 留美
向井藍, 佐々木繭, 羽田真里, 羽田真理, みおな
白村朱里, 星野凜花, 白咲まりあ, 白崎麻里亜, 御園さよ, 川上かすみ, 前園あかり, 吾妻公仁果, まり
松嶋はるか, りな
佐々木玲奈, 橋本怜奈, 桜井なな
寺田柚香, 笹岡真由子
海咲なみ, 真波あずさ, 猫井ねここ, 中谷満里奈, 樋口奈津, めい
神山実, 川崎友恵
橘カノン, 尾花美優, 西田ようこ, 高梨香那
矢田ちえみ, 高樹真紀, 高畑まみ, 矢田智恵美, 二宮琴美
川久保さくら, 伊藤サヤカ, 村上陽菜, 咲良
琴音はづき, 如月あゆか, 菅原彩, このみ
紺野マリエ, 紺野まりえ, 滝川エリナ, 白石かおり, 七瀬果穂
大高頼子, 鈴木ありさ, 藤槻ありさ, 蓮美
笠原詩織, 上條つかさ, 沢井ちなつ, 小鳥遊つばさ, 高橋まなみ
中西早貴, 笠原裕子, 村瀬沙里, 絢香
澤田裕子, 木戸美由希
新崎雛子, 柴田真由美, 三上絵理香
倖田李梨, 岩下美季, 幸田李梨, みき
香山広子, はなこ
三隅美伽, ユカリ
涼宮琴音, 白咲碧, 香椎みなみ, 山本玲奈
愛沢エルサ, 前原沙良, 相川芽瑠, 真緒美, えりか, 唯
冴島かおり, はるか
倉木杏, 倉樹杏, 磯野金魚, 水島れい, 石川一美, しおり, あん, Mryo Tamura
佐咲佳奈, 篠塚絵美, 佐倉ゆいか, エミ
佐山亜希, リョウ
浜崎かな, あゆみ, 素人NaNa
井上まおか, 成田伊織, 水沢美里, 柊木奏美, 早苗
結奈連, 水城えりな, 高柳紗里奈, 結奈, れん
水野優奈, 浅岡千咲, 田中美佳, 優奈, みづほ
愛乃ねこ, 春日野くるみ, 愛音りりこ, 中澤真紀, 胡桃, あこ
藤原沙耶, 有田祐貴
月美弥生, 月見弥生, やよい
高瀬杏, 北川美雪
立花リク, 白石麗奈, 箕輪ともみ, 武藤久代, 坂口美奈, 坂崎芙美, 三上紗栄子, 酒井鈴, 園田鈴, 亜子, 千尋, ふみか, さなえ・フミカ・エミ
岡本愛子, ひろこ
幸田えりか, くみ
三輪涼子, ゆうき
秋本純菜, 秋元純菜
室井心愛, 笠井ゆり
稲森ケイト, 桜木りん, りん
中川もも, 葵みゆ, 新井祐美
坂本ひかり, 姫村しずく, 黒沢栞
風見京子, 桂子
桜井美月, 兼子あやか
天衣みつ, 滝沢美鈴
南原香織, 美奈子
翔田千里, 結城悦子, 理沙子
関根啓子, ミナミ
彩弓, 松嶋りょう, ヒロミ
栗原まあや, まあや
島谷愛, 加瀬凛花, 高島凛
舘木唯, 長野唯
葉月里奈, 御堂さら
松島やや, 松嶋耶弥, 葉鳥やや
工藤さき, 青木梨花
柴崎未永, 白雪林檎, 白鳥ゆき
飯島楓, 加額理香, 斉藤かえで, 賀川里佳, かえで
永山千愛, 吉澤春菜, 小宮山怜
和泉美奈代, 泉田みなよ, 河合なな, 美佳
小嶋実花, 根本理沙
つばさ, 板野友代
米倉真央, 沢田真菜
吉川美由, 吉川あゆみ
滝沢優季, 優紀
綾瀬メグ, 平山たかね, メグ
遠野春希, はるき
浅井色織, 嶺岸律子, 桃子
上原けいこ, 都筑忍
石橋じゅん, なぎこ
住田莉音, あやな
小笠原渓, あき, ゆりあ
浅川しずる, みなみ
吉良藍, はるか樹里, 雲母みくる, 橋本恵美, 高井里奈, 楢崎果歩, 竹村彩
七瀬凛, 七々瀬凛, 松田美由紀
沢舞桜, 山本やよい, 栗島蓉子, 新田操代, 藤村涼子, 一未, かずみ, かずえ
桃井りの, 柏木ゆり菜
舞咲ユイ, 矢沢あかね, 榊原恵実子, まりか
川原あすか, ののか
錦乃彩, 立花加奈
黒川さえ, 安井恭子
新井ゆり, ゆの
浅倉のどか, 原田沙樹, 寺内奈美, あきな
小泉麻里, 木下利香, みすず・ちなつ
宮藤まい, 鈴平奈緒
白浜あさり, 浅田沙織, 榊原由梨, 村井梨華
伊藤美由紀, 大森ゆかり, 佐々木美佐恵, 河野智尋, キヨカ
大田のぞみ, けいこ
向井くみ, ちはる
ゆうき美羽, 藤本えりな
村山清乃, なをり, しおん
渡辺ひまり, 榎本結亜, ゆりか
江口孝美, ゆうこ
白石奈々子, 町田ちせ, 須田山陽子
琴音ゆりか, 桜木ももか, 鈴木ゆりか, 金沢千奈美, さな・こと・りえ・りんご
初音ろりあ, 初音ありさ, 藤井沙弥
中谷みき, 佐伯麻衣, 児玉希恵, あおい・まこと・美雪・はる
高尾麻李, ゆい
水野あき, あずさ
宮木千帆, すずね・つぐみ・じゅん
西まなみ, 植田なつみ, きょうこ
原ちさと, ひとえ
藍原かれん, 宮園ももこ, 赤堀良子, 桃川未智香, ゆい・みお・わかな・はづき・和香・みれい・みみたん
片山敦子, さゆり
逢月はるな, 逢沢はる
西野なこ, 須藤なこ
大和田なつみ, 甲斐柚月, あさな・まや・せいら・サキ
大森なおみ, さゆり
木元真希, 村雨絵美里
亀山みほ, のりか
夏川ひまり, ななみ・なな
眞野圭子, かよこ
山口美鈴, のりこ
吉川ひじり, 室尾沙弓
花田まお, すず
木村涼子, みちよ
藤咲千聖, 柴田さつき
藤沢えみり, しずく
浅川ゆい, まお
土井みちこ, えみこ, ゆうこ
長野ひろこ, つかさ
白咲りの, 城先梨乃, 立花瑠莉
蓮田いく美, 大館夕子, 榎田まゆ美
花本理実, なずな・しのぶ・ゆうな
永野未帆, 藤嶋直
岡本しおり, まきこ
菊池くみこ, さゆり・小百合
あかりじゅな, 霧島奈津美, 松宮アンナ, あいな, あい
一ノ瀬あきら, ＭＡＹＡ, 宮川怜奈
伊藤れん, 相田まどか, 野村由香利
山元瞳, 竹内涼子
相田理沙, 若菜結衣
水沢雪乃, 久米瞳, 安西夕紀, せつこ
相崎真希, 美空おんぷ, 相沢真希, 蓮見ゆうか, 堀江友里香
二宮亜季, 木村綾香
森乃しずく, 藤村翔子, 向井真琴, りさ
羽月希, 今井なつみ, 井上まさみ, 上村佳奈, 希美
美澄れな, 矢沢もえ, 高岡章子
森山みき, 白樹純菜
橘ゆめみ, 小向まき
小野寺沙希, 小野寺めぐみ, 沙希, 沢尻マリナ, 吉岡めぐみ
桜ゆう, 片桐舞, 根本由利子, ゆりえ, ゆう
佐伯つばさ, 豊川渚, 持田みゆ, かのん
沙月由奈, 涼宮こなた, 芹菜ひなた, 芹菜このみ, 水野紫苑, 浅田ひなた, 鈴木亜里沙, みなみ, とも, ひなみ・ひよみ
鈴木えみり, 坂口のあ, 坂井美由紀
松山ゆう, 檸衣, 白石結杏
千花澪, ちあき, みお, めい
田中亜弥, 川島ローサ, 仲田亜紀子
観月優, 浜本美貴
羽鳥みか, 西本さくら
菅野麻弥, 長谷川麻弥, 甘南ミオ, 長谷川亜矢
森永ひよこ, 夢野ひよこ, 夢野雛, 本田絵美
大空あかね, 若杉千秋
春野さくら, 美咲れいな, 橘つばき, 藤川さら, れいな
坂下真紀, 平澤美樹, 平澤実樹, 柚希絵里, 実樹
高梨 瞳, 奥井邦子
高橋りお, 片瀬由奈, 三井紗也香, 小西麻衣, 西村沙利菜, まい, さなえ
大沢智恵 , 槇野貴子 
白季巧巳, 夏妃葵, 優輝葵, 夏樹葵, 新沼香奈, カネコ・あおい
小嶋みなみ , 宮島佳保理 
真野みのり, 冴木梨香, 宮坂早紀, りおな
相澤桃華, 相沢桃華, 小里亜美, 坂口牧, 西城マキ, ラン
庄司久美子, 柿沼真妃奈, 前垣麻水, くみこ
鈴木鈴, 岡安璃奈, 木之内ルル, 吉田麻衣, あやみ, りん
香川美紀, 吉高まどか, このみ
相田ユリア, 梅谷沙織, 稲村緑, 樋口駒子, ゆりあ
大久保ひとみ, 安藤美紀
名倉瞳, 麻友美, 名羽瞳, 高橋柚希
大倉さゆり, 森村沙耶, さや
野中杏奈, 上郷美貴, 前原夕紀, ゆみ, ルミ
篠田あけみ, 三股清子, 由紀
川原奈美, 倉田奈緒子, まゆみ
野中真紀 , 葉山美津子 , きょうか 
山瀬さとみ, 渋谷祐実
橘実加, 橘実紀, とうこ
古海みく, 東原恵, 岩咲みく
天宮ゆきえ, れいな
須田聡子, みさと, あみ
関ヶ原朱音, 倉本真理, 内田由紀子, さゆき
三井ゆかり, 三井祐里香, みわこ
神坂絵里, 柳瀬美羽, 河西由佳, 土坂絵里, 河合莉那, じゅりあ
丹波理穂 , あい 
佐々木レナ, 岬レナ, 佐藤芹菜, 堀いずみ
森野ひなの, 日吉ゆずは, 坂井亜矢, 桑野千夏, 森嶋ひなの, しおり, ひな
榊カヲル, 榊かおる, 椎名実花, めぐる
秋吉慶子, 片野さえこ, 江原あけみ, 美輪ちあき, 三輪ちあき, 三和久子, 篠田有美子
安佐神しおり, 安佐守澄代, 藤木智美
MIKA, メアリー・ジェーン・リー
板倉幸江, 白河ゆり江, 木村寿子
海野梓, 後藤裕子, 高橋早苗, 夏子, あきな
児島麻美, 樫原美沙, ルウ, のぞみ
工藤幸子, 佐伯美知留
新美さくら, 高木愛美, 玉木ちな, 宮下梨花渚, 林田亜美, 千夏, ちなつ, まなみ
森川ななせ, 鈴木あいり, 永井洋子, ゆうこ
吉田朋代, みく
川中まゆか, 五十嵐彩衣
竹田有里亜, ユカ
青山純, 貝塚由佳里, ユミカ, 美香
山本えれな, 山本玲奈
なつみ, 佐藤なつき
竹田香苗, 新井れな
江波りゅう, RYU, 橘涼香
最上晶, 河合千里, 川相千里, 山中麗子, 大沢まなみ, 浅井奈央, 内藤幸恵, 宮崎ゆかこ, 原田成美, あすか, ひとみ, 二ノ宮美麗・ちさと
水野朝陽, 本多翼
篠崎麻里子, 木村優子, 杉田鞠枝, 高木
上戸歩, 迫田弘美, マヨ
中原恭子, 城川さち, 佐和田美香, 田村明穂
横谷由愛, 峯岸春乃
彩, 重田風花, 中野優貴
悠月舞, ゆずき舞, 滝澤まい, 瀧澤まい
大石もも子, 上田あいこ, 沙織, もも
みやび真央, 野々下クララ, 橘亜希, 島崎麗那
亀井由佳, 智里
美咲恋, 朝香ひな, みさと
神山詩歩, 刈谷麻子
西原美貴, エレナ
庵叶和子, 梶修子
愛沢麻美, かな
AYU, 佐々木りのあ, 神戸莉々
東城佳苗, 広山慶子
後藤あづさ, 後藤あずさ, 柿本真緒, 矢野志帆, あずさ
矢吹怜子, ひとみ
笠月優子, 笠月ゆう子
木口瞳, 木下佐緒里, ツバサ, みわ
中山由香利, 倉石愛, 福原真奈美, まさこ, あや
臼井あいみ, 田中まりあ, 高橋さやか, 高山咲, 森野美由紀
柴田ひかり, 岩橋希美
工藤萌子, さゆみ, るみ
吉中優, 尾上舞
関まどか, 大西香奈子, 小嶋涼子, えり, サナ
木内亜美菜, さくらあきな, 佐々木ゆき, 廣井美加子, 葉月美加子, 明菜, あみな, 咲羽, モモ・ナナ・りほ
月島ゆめ, 永井涼子, 大崎京子, みのり, ルミ, りんか
AKI, 滝沢リョウ
根本江里子, 根元江里子, 堀本京子, マサミ
小川結衣, 本山遥, 山中志織, ノゾミ
堀北七海, 美波瀬奈, 倉田みのり, 桃子, Nちゃん
霜月るな, 長谷川玲, 理香, ルナ, るな
杉並さき, 岬菜乃香, 下月桜, こより
仙堂可奈, 井上さくら, 永瀬千夏
秋菜はるか, 日野雫, しずく
大谷みゆき, 高松敦子
MARIA, 真梨亜
桐谷カナ, 桐本カナコ, 霧田かなえ, えびなみき, 村松佳菜, 篠塚綾乃, 里実, かな
櫻井ともか, れいな
菊見さおり, 堤響子, 野上伶子
鈴木えり, 鈴木さち, 美香, みや
木嶋紗奈, 永塚由香里, シズカ, りさ
葉山あやこ, 裕木亜依美
しるびあ栗栖, しるびあ来栖, 真野悦子
紫月, 倉沢優
河上理沙, 彩瀬優子
長谷川ちひろ, 船倉奈美
斉藤あやめ, 日向綾
森下麻子, 宮野友希子, 麻子
北園梓, 高崎なる美, 前田窓花, 西崎香菜, みさき, あずさ
山瀬あやこ, 山瀬アヤコ, やませ
速波リョウ, 美奈
神崎美樹, 神埼美樹, 神崎奈美恵, 堀内園子
池尻留美子, 池尻瑠美子
倉沢いちは, 菅野いちは, 舘野葉子, 田口沙織, 小松崎莉保, 高野裕子
尾崎玲奈, 尾崎怜奈, 原山あかり, 北山小夜子, 高石おりえ
倉田聡子, 伊東和葉, 山田マリ
新條希, 近衛美紗樹, 木村詩織, ミオ, 真里亜
こなみ葵, 緑川玲奈, 小森唯, あおい
中川理沙, 大森遥香, 樫井ゆうか, 石井ゆう, 小山明日香, ゆうか
愛澤由希奈, 大竹南帆, ゆきな
青山京香, 桃季みなき, 桃里美奈子, 牧本亮子
北沢さくら, 南野リカ
東条りお, 押切江利, ナオミ
秋吉瑞希, 井上亜由美, レオナ, ゆうこ
間所ひとみ, まどか仁美, 愛内智美
水本綾, 久山唯, 美鈴, リサ
三宅良子, 小池菜々美, なおこ・エリ, マイ
入山晴香, 中沢由奈, 山内晴果, 苫米美里, 江崎汐里, 喜多嶋ゆり, あゆ
立花秀美, 町田紗枝
黒崎りつこ, 柴崎かなえ
花恵みみ, 伊澤ほのか, 井上こずえ
今野杏美南, 今井菜那, 亜美那
成海さやか, 仁奈るあ, 星咲ひな, さやか
郡司結子, 佐伯美恵
内山蛍, りな
黒木ちさと, 嶋崎香里, 園元尋子, 早川美貴, いづみ
朝倉菜々子, 篠原美羽
北野らみ, あおい, ほなみ
前田えま, 加藤えま, 前田沙羅
小泉沙彩, 田辺美咲
白瀬心乙, 緋川さくら, 白瀬ここね
大沢ひなの, 平坂るりな
伊東あずさ, 岩田麻衣, 美里麻衣, 桑野朱利
九条紗季, 瀬戸愛莉, 村岡青葉, 森永映美, みずき
咲乃柑菜, 平井絵里
桜田彩乃, 若林佐織, 矢野りみ, りか
観月奏, 小田切ありさ
雨音わかな, 奥野光香
豊岡緑, 猪瀬麻里花, 智恵美, うるは
朝倉花恋, 金子優菜
山本麗子, 蒔田喜美子, 鈴木達枝
上田京子, 永山春子
内海りょうこ・相沢れいか, りんか
林田詩織, 歩美, ゆう
岡田菜穂子, 木野みりあ, ももか
柳沢明日菜, 長谷川祐実, 宇江原佳波
前原葉子, 飛鳥
斎藤はるな, 入江佳織, 祐実
小高里保, 原田志穂
大原千穂, 水原麗子, 本宮すず, 渋谷津弓, 斉藤亜理紗, 栄子, さとみ, すみれ・レミ・れいこ, 貴子, 美樹
酒井えみ, 橘このは, 園澄佐織, 花菜, ななこ・るな・みなみ・みいな
Hinano, 水沢琴美, 瀬名りく, 関根友香, りく
大城真澄, 井川留美
紗矢菜せりか, 川瀬優希, 永作亜美
京本春美, 朝霧なつこ, 鈴木雅子
三浦亜紀, 新城みう
紫彩乃, 桜井文子, 夢乃春香
竹内柚葉, 青羽勇歩, 平原麻紀, 岩間早苗, 榊原佳代, ゆずは
藤咲葵, 愛川香織
桜瀬奈, 星乃華, 椎名華, 大高舞, 仲本紗代, 香川りく, 板野真由, 西脇瀬奈, 吾郷弘乃, 伊吹まひろ, 瀬那, かな・せな, ハナ・まなみ・かえで・れいな・マリン, 瀬里奈, Mary
杉本美奈代, 大田ゆりか, 高畑紀枝, はるき, ミヨコ
益里絵子, 山奈実花, アヤノ, ヒカル
小野さおり, 真野琴美, ノゾミ
藤浦のぞみ, 大久保遥, 西山知美
椎名綾, 若菜あゆみ, 若葉あゆみ, 加藤まりえ, 大竹恵里子, 観月るか, 荏田愛美, 森島泰子, わかな, あや, かおり, Ayuko, 水谷さん
日向ひなた, 富永杏, ひなた, ヒカリ
山崎弘美, 堀井友香, 沢田いずみ
長谷川ルイ, 大島しずか, 菊池裕美
白石えりか, 佐竹詩織
六本木リンダ, 三上忍, 葉月まい
沼田紗枝, 平井るり子
遠山冴子, 久保友子
沢村れいか, 澤村れいか, 坂口菜摘, 上野奈々, 廣津優子, 永江貴子, 沢田れいか, れいか
藤村さゆり, 西谷佐知代
山岡真理, 藤村知代
寿ありさ, 山口リエ, 上村みき, 木下ゆな, 朝倉なつき, 佐藤ゆな, 汐月ゆな, 間宮千晶, ミキ, めぐみ
長谷川みさき, 杉岡珠美, 丹波美紗子, じゅんな
朝霧一花, 高野真由美
結城莉羅, 結城りら, らいか
小森涼, 吉川涼, さおり
荒川すみれ, 畠山香奈, ゆきえ, スミレ
河愛杏里, SAYAKA, 水咲りん, 沙弥香, 平泉奈々生, あんり
稲森さとみ, 香野真澄
清原りょう, 木下華恋, 立花静
藤森綾子, かおり
上野さくら, 初音あおい, 篠原今日子, 愛
石川みずき, ステファニー
飯野寧々, 柊恋, 大沢まなみ, 藤代まゆ, 春野奈々子, 森下あやの, 佐野あさみ
蒼井さくら, 桐島アリサ, 桐嶋アリサ, 富永ユリア, 伊達ミカ, ちさと, さつき
桐生さくら, 松下美咲, 桜庭ウララ
吉岡奈々子, 大塚響子, 大塚智子
内田桃子, 藤原多恵, 益子美鈴
織田ルイ, 織澤リル
川村めい, 雪乃, 川村陽奈, 手塚奈緒, 関原泉
芦名未帆, 稲森しほり, 美祢藤コウ
乙井なずな, 木村こずえ
秋山杏奈, 津島亜矢子, まお
風見渚, 新倉ゆか, ちあ
宮咲志帆, 葉月しずか, 白石早苗, 片瀬美和, 宮崎志保, 知念しほ, 伊藤りえ
川村れみ, 上園るか, 藤崎喜代
喜多嶋詩織, 喜多嶋しおり, 内藤由貴, 白浜美穂
長澤リカ, 長澤りか, さわこ, 梨々花, 永井優, 永瀬留美, りか
深海沙織, 三神りさ, 笹川千里, さおり
藤木ルイ, 宮川有美子, 三浦雅代, 山崎純子
葉月みりあ, 佐藤ひとみ, 藤崎薫
進藤美空, 倉知莉花, 戸田さおり
山咲ほのか, 赤堀由衣, 竹田麗佳, ほのか, 高島麗華
Ayami, 青山千尋
青山雪菜, 彩名ゆい, 西村朋美, 川西真央
星崎アンリ, 清水みその, 川口亜里沙, 里崎美莉, アンリ
白咲亜衣, 黒沢あき, 亜依
本田若菜, 夢野春加
春宮いずみ・本間ゆかり, 小柳美佳子
増子理恵, 桃井未來, まい
上里悠里, 岡島夏子
小谷みのり, 小島裕子, まつの
矢田美紀子, 岸川真衣, 永友愛奈
本田わかな, 広沢早苗, 真美, あゆみ
千堂マリア, 千堂まりあ, 藤井ようこ, 久下奈津子, まりあ, こずえ・清美
和登こころ, 椎奈さら, 小柳結衣, ゆい
南真菜果, 喜多愛, 真菜果
畑中志津子, はるな, 信子
益子雪菜, 福嶋栄子
るり, かな
石田結実, 梶本千穂
彩葉みおり, 豊田愛菜, 川村里穂, 大橋愛菜, 渋谷まなか
山田マリコ, 山田まりこ, 時田夏穂
吉田真美, 速見里砂, かずは
烏丸まどか, 松川薫子, 木並則子
笠原智美, 森高ふみか
彩夏, 北田千夏
島井環, らん
有月花, ゆう
鹿取やすえ, 菊池奈津美, 遠山真央, 恵美, まき, みどり
西園さくや, 北井杏樹, サヤカ
瀬戸真白, 杉田由希子, 石垣和葉, 彩佳・みゆき
三宅千香, 柴川千香
佐野優佳, 朝丘みなみ, 紺野紗有美
辛島音瑠, 富川美梨亜, ルネ
大沢ひとは, まこと
彩乃ひかり, 谷草秋帆, みさ・朋・あんな
芳山春香, くに子
真白ゆず, 篠田由真
若槻さぁや, 片山沙里, 桂木真穂, ミク
一条リオン, 琴音りあ, 鈴木里緒奈
秋山菜々緒, 中本美香子, 井口恵美
石黒祐実, あきら
川崎莉奈, 中村凛花, るりか, ゆりか
北村みき, 高梨美保, 市井沙渚, のえ, りの
春日部このは, 平山菜摘
堂島れい, 朝岡すみれ, 岸本彩香, 池田法香
穂高香澄, シノ
AIKA, 谷川紀子
白河里奈, 豊崎由美
結城あかり, 渡辺千賀子, 原宮菜々美, 広崎菜々美, 芽衣, ちひろ, 瞳・つばき・しおん
前田ゆり, けいこ
鈴木みき, ゆう
相沢玲奈, 西川美帆
山口明日香, 七瀬なな, 宮永梓美, 横橋梓美, 七原奈々子, みらい・あやね
白石友理, 白石友里, ねね
神木風舞, 米沢春香
大咲萌, 砂川梨那, 小倉百恵, 尾崎萌, 江口亮子, 鈴田明海, みな
南澤ゆりえ, 釜田香織
さくら杏, 荻原倖奈, 高下このみ, くみ
篠岬ことみ, 白井紗奈, えりか
桜井レイラ, 如月ジュリ, 吉田りお, 鈴原みなみ, じゅり, みか
水咲菜々美, 伊織しずく, 中井綾香
さゆり, みなみ
今井ゆあ, 舞原愛弓, 松本友美, 乙女
町村好美, 山下亜紀
羽多野しずく, 小橋りえこ, 安西美紗, えりか・みさお
池田瞳, みり・じゅじゅ
小笠原ともこ, ちなつ
舟木ありか, まなみ
大久保ひとみ, ゆき
希田美貴, 由加里, ミキ・りんこ
建見香奈, 慶子
大西めぐみ, まつこ
大塚まなみ, あかり
阿部ひとみ, たまき
玲子, 欲求不満な人妻
小寺由麻, こはる
ゆき, 藤崎れい, 野沢美紀, 愛
杉山あこ, さき
高木きょうこ, みか
音あずさ, なつみ
斎藤ふみ, のぞみ
小林あさみ, 片平育江
吉川蓮, 吉岡蓮美
佐野静香, 伊丹未由, らん・ノゾミ・ナツメ・アズサ
三沢さえこ, わかこ
川上香澄, 立川美野里, まり・モナ・わかな・かすみ・なつみ
夏木なつ, 坂堂蛍, まい・あいな
高井瑞樹, かおる・みさ
峰岸ようこ, さなえ
中山しおり, りん
巻坂芙由美, せいな・ゆら・みき・あい・ひとみ
松井りえこ, えり
水原比奈, 有吉芽衣紗, 瀬戸レイカ, 宮前蒼乃, ときえ, もゆ・菜々・れい
柏木千鶴, 神谷ゆうみ, 安西鈴音, さぁ・みわ
岡本希, 日向あん, あん
水谷あおい, 市川留美
音羽レオン, 性欲処理マゾマスク 
大橋依織, 速美もな, 桐島なみ, 山下あかね, 葉里さやか, 水原アキ, 田代ゆわ, 柴富真由香, えり・あすか, 慧
真弓あずさ, 堤吉江
石綿沙奈江, 赤井真奈美, ゆき
川上理沙, 菅原美幸, シズク, なお
田中ゆきな, しおり
伊藤りさ, めぐ
風祭あかり, 藤崎あかり, 広田文子, 久井千枝子
伊藤果夏, 里中菜々, 白井優子
松崎絵里奈, 東尾葉子, さよ
小倉李子, 山口歩美, ミヤ
北山かんな, 橋本美姫
希美かんな, 児玉澄代, 高倉りこ
吉永麗子, 徳田玲子
霧生ゆきな, 遠藤愛花, 神崎玲香
牧村ひな, 南菜々
Ariadna, ADRIANA, Alivia(アリビア)
森下みほの, 石宮菜々子
平田くるみ, 真中由奈, あかり
石井玲子, しょうこ
松原文技, 戸高日菜子, かすみ, さえこ・薫・いずみ
高嶋みず穂, 若井里歌, 瑞穂
三条加奈子, 青木しおん, みき
伊藤さらら, 松永わかな
片瀬真妃, 山口璃果, 橋口麻里, 石田温子
逢川みく, 竹村彩, みき, あや
黒居ろく, 黒木いくみ, あさひ奈々, 桜井麻美, 今村咲帆, 北岡愛菜, マヤ, さつき
真琴りょう, 稲森ゆかり
内藤梨佳, みどり
伊達美佐子, 増山恭子, 山岡緑, 佐々木かすみ, 石川文子, 山本香織, 中島久子, 木下沙織
野本ちとせ, 吉竹倫子
真中ちひろ, 松本ももか
真咲りこ, 松浦千佳, 小松理子, 山代紗菜, 茉里, りんこ
月野ルナ, 九条レイナ, 野口裕美, 沢口ゆりこ
富永舞, 栗原弘子
江川小春, 大里美璃, 相原紗枝
弥生舞, メイリン, 三沢陽菜
横須賀さとみ, 大園朋佳
大槻みなみ, 高橋みき
天咲めい, 咲月めい, 紅城まゆ, 咲月美羽, 宮川五月
白井ほの, ほのか
間柴京花, 福島紀子, 遠藤リム, リム, みさき
高木沙莉奈, サキ
美瀬純, 泉百合, 矢崎美佳
星名麗, 三島夏紀
星川麻美, 星川あさみ, 吉野裕美, 仲野綾, 中原あき
藤本かなえ, 藤本香奈絵, 三国冬子
斉藤めぐみ, 篠崎雪枝
黒田有香, やまだゆうか, 石黒圭
葵えみり, 木下さおり, 緑川茜
青木美里, 青山小百合, 平野加奈子, 静香
西本かつの, 西本綾子, 西本綾
増田ゆり子, 島久美子, 南久美子, 香織
藤美淑子, 樫本富美子
宮沢志乃, 柿本美加
永井優香, 矢野優奈, 矢沢優
森雫, 安堂結衣, 藤川唯
愛海一夏, 秋乃ひとみ, 沢渡美奈, 加藤一夏, 安田朋美, 仁美・ひなの・A美
風谷ひかる, 朝比奈さなえ, 中野弥生
りく, さゆり
篠祐希, かおる, ゆうき
森宏子, ヒロコ, つかさ
優木みれい, 百田麻友未, 中田麻衣菜, 畠中凛, 高城麻奈, 多田美咲, 藤嶋紀佳, こまち
矢口東子, 斉藤好子, 不破登喜代
北乃優子, 三浦喜子
河合まゆみ, 森下ちさと, いくみ, しおね
伊東美春, 伊藤加奈
亜佐倉みんと, 狩野真澄, みんと, ミサト
沢口かすみ, 大槻みそら, 岡崎久美子, 木島夕, 笹本晴子, ミミ, 愛花, REINA
山岡智沙, 飯倉百合, みづき
渡里麻穂, 渡里眞緒, 渡瀬真衣, 榛名雛実, 三宅霧香, 渡瀬美織, 須崎瑠美, みいな
吉田エミ, あきら, ちなつ
今井もえ, 谷沢絵実里, 藤田真琴
島倉みゆき, 江藤桂子
石井えりか, 斉藤汐菜
小嶋つかさ, 桜田歩美, 堀田まひる, 島崎あすみ, つかさ, ひとみ, あいり, TUKASA
朝比奈ハル, 木村良音
青葉ちせ, 羽野亜弓, 道塚千佳, ちせ
真希瀬るな, 小林るな, 吉瀬晴美, 坂井ちさ, 小林涼子, つぼみ, Luna
板橋早奈美, 三島可奈子, アンナ, きょうこ
百田栞, 永瀬あゆむ, 藤井しおり
百田岬, 藤井みさき
友利ルナ, 真中莉奈, 八代綾芽, 安田梨恵, 友辺瑠依, 松原美果, 中島沙耶, ちこ
内田梓, 吉野光, ユカ
山本杏里, 石塚悠子, ミイナ
下川亜矢, 小清水絢香, アオイ, とも
菅原ひかる, 西島愛美
榎本あやめ, 門脇めい, 高柳ゆま, 榎田汐里
阿部加奈・原田南, 中村星子, 永田京, マドカ
今井まき, 佐倉凪沙, 河島晴香, かれん
愛乃なみ, 愛田ミナミ, 長瀬真子
藤宮卯月, 蒼乃ミク, さわきりほ, 澤田りこ
玉城あも, 白玉あも, 草刈あも, 草刈もも, 鏡ちとせ
佐伯愛香, 佐藤有香, 森元梓, リオナ, ひとみ, アキコ
千歳真央, 舞原明日美, 中野美鈴
服部星愛良, 森倉望美, 的場里菜, 池内智美, ちはる, ちひろ, ゆき
星河マヤ, 千秋
眞鍋しおり, しおり
川村百恵, 松村玲子
風間ゆみ, 風間由美, 鈴川ちか
星野沙織, 本田理香子, 双葉美世, ユミカ
伊達綾子, レモン
藤崎真菜, 外原美紅, メグミ, しおり
狩野厘子, 野田翔子, 佐伯麻理, ミク
菊池美保, 高原美樹, 美貴, キク
円城ひとみ, 新垣里子
西村純子, 奥谷文恵
三井利香, あやこ
平山加奈, 鏡彰子, レン
如月しょうこ, 如月翔子, 浜崎翔子, 福原裕子, 森田知恵, 森永七美, 宮内しょうこ, しょうこ
小嶋千晴, 朔ちさと, 桐谷ななみ, 堀川あき, 松橋美晴, ちはる
桃瀬薫, 百瀬薫
山下朱里, 山本和泉, ルミカ, 涼
深田もも, 相沢心美, モモ・ユキコ
皐月りぼん, 花桃うさぎ, 藤澤まひろ, 平山みずき, 藤江真理子, 真由村佳枝, こころ, あいこ
荒木かすみ, 浅倉真美, 阪上穂波, 石村沙英, 吉田淳子, ユリア, まり
湯浅愛子, あずさ
悠希りつ=藤原加奈子, りつ
前園美香, 大原彩音, サナ, なつき
星野らいむ, 星野なつみ, 桜舞衣, 山咲ことみ, 桧山瑠花, 尾崎みなみ, あや
のはらももか, 榊りりあ, 中尾紀美, ともみ, ももか
三井レミ, れみ, レナ
西山希, みみ
河西ちなみ, 西河みなみ, 今永美玖
咲原ほのか, 井上真歩, 小沢千紘, 加藤かな, 大場加奈子, まな, ユキ, かおり, アミ
高木瑞穂, 植村あさみ, あさみ, かんな
黒澤あみ, 黒沢まや
渚, 早瀬美香
芹菜ゆき, 大塚麻衣, 大塚彩也香
真辺ひろの, 永井比呂乃, ひろの
彩芽みなと, 高木杏子
檸檬.(れもんどっと), 小咲みお, 小咲みよ, 香咲みお, 武井里桜, 小林愛, 和田ヒカル, 久保田亜美, ちか, みお, きょうか, 六花
花野マリア, 牧瀬くらら, 深堀亜季, あんじゅ
黒川すみれ, 稲川なつめ, 田丸麻紀子
木下あげは, 木下アゲハ, 浜田みちる, 野口直加, 米沢明日香, あげは
早乙女心杏, 国枝淳子
星野あいり, 田中佳子
石川里菜, 桂希ゆに, 桂木ゆに, 高橋恵子, RINA
朝雛れぃな, 大谷理香, 坂口わかな, あいか梨沙, きみか, りの
柚月のどか, 角野ゆづき, 田中由美子, 加茂真琴, 柚原のどか, ゆずきのどか
保坂友利子, 美空陽子, 藤堂明美, 中島聡子, カズミ
小桜りく, 小里茜, 橋本麻理, りく
都留矢セシル, Cecil, 篠崎りお, 関口ひろむ
桐乃向日葵, 伊吹ちはる
横井くるみ, 横井ゆり
月下ゆかり, 相田さやか
麻生麗奈, 如月あいく, 寺田みのり, 橘沙世, 長瀬瞳
綾見ひかる, 浜田麻友, 綾波ひかる
若菜すず, 浅倉ゆうな
綾瀬じゅり, 平原あいみ, 百瀬じゅり, 五輪えり, 新山恵梨香, 藤井詩織, じゅり
海老原敬, 豊田香里奈
石黒樹里, 憂木瞳
清水ゆきえ, 清水ゆきな, 池上真子, 中神穂花, 水原ゆき, 遠藤しおり, ゆいか
渡あつ子, 広瀬愛菜, アキナ, サエ
芦屋みずき, 真奈美, ナギサ, まみ
倉谷果歩, 倉谷かほ, 奥野咲月, かよ
夢実あくび, 中川夢実, あくび
桜夜まよい, 名波かのん, さくらここる, 浜谷有希, 八木原梨乃, 松田紅葉, 柚月, さとこ, KANON
轟ゆき, 春希ゆきの, 夏樹由紀, 前田愛里沙, 五十嵐麻耶, 谷口若菜, はるき, ゆきの
葛城まや, 高畑真美子
荒井菜月, ひなこ, さちこ
Rina, RINA, りな, 上杉真由, 西岡りょうこ, 律子・リツコ
北川いつき, 西城恭子, 園田真奈美, 飯島レナ, 黒澤里恵
一色りん, 守屋千春, 芳野千春, 栗山千春, りんご, りん
楠木遥, 上田結菜, 江島咲枝, 山田真矢, ひよこ
矢沢琴音, かなで
立花かなえ, 大沢ありさ, 綾瀬ゆり, 大槻りさ
小田真智子, 津島幸子
佐々木愛梨, 天音テラス, 堀江由子, 笠井ゆり子, 正木梨香
真田優, 真田純, 小峰知美
紫ちひろ, 小紫ちひろ, 結城菜々美
片桐くらら, 野原貴恵
小野麻里亜, 小野まり, 椎名綺更, 中村真理亜
西野花梨, 小柳まりん, 椎名くるみ
吉田圭子, 徳永瞳, まお
小沢静佳, なつき
早坂愛梨, 早坂愛, あずみ, あいり
橋本圭子, 池田唯, 竹中まりな, 池田麻里亜, みはる
田中あゆむ, 松崎綾乃, ゆきな
真咲アイラ, 仲村詩織
川合まゆ, 姫野みこと, 姫沢みこ, 川澄まい, 川井まゆ, 高野祐実
沙倉くるみ, 遠藤亜衣, りほ
桜井心菜, 本上ゆき, 中野遼子, 香澄
西園寺れお, 竹上栞菜, 花音ゆりあ
五十嵐しのぶ, 川島めぐみ
真名瀬りか, 櫻木梨乃, 葉月めぐ, 冬月ひかる, 結城奈菜, アイラ・もえ
酒井直美, 山口由美子
浜田のぞみ, やえ
木村こゆき, なな
神崎つかさ, 杉原梢, 西田静香, つかさ, 彩智
富岡由紀, 小池瞳, 惣田理津子, 手嶋愛美, ハルカ, あゆみ
京野結衣, 麻倉みう, 土田詩織
戸塚幸穂, 井崎奈緒
若桜りく, 河合優衣, 月野美羽, 大空美緒, 斎藤彩
戸塚真弓, 持田わかば
水谷しえり, 水谷シェリー
高田美波, 深津美幸, 春日井沙苗, 水瀬綾乃
水沢あいり, 長谷川ありさ, 前田あんり, 手稲留美子, きよ
桜井杏奈, 安田早苗, 川添明日香, えりか, ミカ
宮代薫, 鈴井美幸, 宮城綾乃
北浜彩音, 圭子
長岡麻衣子, 吉川美奈, 笹峰有紀, メイコ, アスカ
花田ありか, なお
星野みなみ, 黒田晶子, 境田美波, 境田みなみ, 芳原希美, 磯川裕子, 美波, レイ, しょうこ, みなこ
橘実桜, 中堀歩夢
吉村美樹, 真田真希, 水野咲希, 吉村美咲, 中井杏奈
島本遥香, 吉本芽依
中野恵美子, あき
仲間直緒, 堀田こころ, 富永裕子, 二宮若菜
榎本らん, 竹内沙也
真山ゆうか, 伊藤みか
大塚遥, 中津川涼子, めぐみ, はるか, ももか
伊沢涼子, 吉井美希, よしい美希, 伊沢淳子, 西尾京子, 加藤芳江, 美由紀
蛯原ありさ, 若村真美, 松下百合, 原理沙
宇佐美ひとみ, 木下さやか
美園さつき, 秋元夏希, 秋山由紀子, 宮下玲子, 加藤恵子, 竹下翔子, まや
赤坂なつみ, 江口ひとみ
高城ゆい, 折笠しのぶ
星川えり, 星川エリ, 岡野織恵, 朝倉ひかる
桜井春, 加斗レア, 井上美羽
真島みゆき, 早乙女詩織, 二宮真紀
神咲りんか, 徳川静香, RINKA, 国井那由, けい
みなみゆず, 琴音めぐる, 浅田まみ, 中川加奈子
彩倉ゆり, 北島ゆり, 米倉恭子, 岸本由奈, まい
綾波あすか, 中山洋子
青山ひかる, 香奈々, 青田ひかり, 塚本ちえみ, 笠原絵美
加藤ツバキ, 夏樹カオル, TSUBAKI, 佐藤有紀, 江藤翼, 佐川絵里, 木下椿, ツバキ, 玲央奈, かおり
桐島まりあ, 渡辺淳子, 品川美恵
青山遥, 杉浦美由, 葉山みなみ
中谷玲奈, 浅見友紀, 浅野弥恵, あさのゆき, 平山祐美, らん
藍花, 花桐まつり, 武田明日香, 松本美奈
町田ゆかり, 荒木すみれ, 芝村紀恵
辻美奈代, 常盤響子
松浦ユキ, 松浦ゆき, 松浦ふみか, 松野弘子, 由紀(J-WIFE PARADAISE)
篠原りょう, 町田瑠美, 中沢美穂子
黒木小夜子, 秀吉小夜子, 美山蘭子, 長田涼子, りょうこ
桜井ゆり, 櫻井ゆり, 菅野すみれ, 白井由里, 野島つかさ, 永井結香, 倉田あすみ, 倉田早織, すみれ
日向まひる, 橋野真紀, 紗山ひな, 桃瀬ひかる, 鈴木かおり, 瀬田愛里, 新城里美
福原さやか, 鈴仲いずみ, 伊東さゆり, 沙耶香, 野々村智美, 稲葉美紀
黒岩まこと, 真中いずみ
笹川美緒, 片桐沙代子, 五月峰子, 水沢久美, 浜野昌江
池永京子, 家永恭子, 中塚さつき, 伊島ますみ
双葉ゆきえ, 翠川ゆきえ, さより, まふゆ
市原さとみ, 西村江梨, 鶴田沙織, 北野景子, 由宇, じゅんこ
春香ルリ, 春香るり
真崎寧々, 橘あおい, 上戸恵, 杉崎結衣香, マユ
前田あやか, 小嶋優香, 林純子
瀬谷あみな, 瀬崎有華, 鈴城琴菜, 北村麻衣, 高崎まりる, 瀬田志織, 門脇礼奈, みくる
小谷理紗, 小谷里紗, ゆりか
南条みか, 綾瀬ルナ, 夏川純子
香坂澪, 香坂香織, 風谷音緒, 能登亜実花, 宇佐美玲奈, 寺野愛
沢本レイ, 沢木レイ, レイ
蓮美クレア, 蓮花ノア, 蓮場佳奈, 工藤有加, 大倉瑞穂
真城彩華, 有島百合
源すず, 大橋ひかり
三島そら, 中村蘭子, みく
三浦智恵理, 森脇木葉
宮前智沙, キョウ
本山由衣, ナオ
滝沢ミッシェル, 美咲アリア, 水野あさみ, 井川エレン, 伊藤エリ
前田こずえ, 柏木里奈
一ノ瀬つばさ, 一ノ瀬晴美, 内田啓子
天草うさぎ, 隅田亜紀, 矢口麻衣, 小林優花
聖, 山崎千花
猫澤百華, 筒井日向子
楓乃々花, 朝倉夢, ゆめの舞, 小林まみ子, 島岡渚, 高橋明日香, 春河ヒカル, 後藤夫妻, 乃愛, あい
秋山希, 奥野綾香, のぞみ, エリナ, 久美子
浅田京子, 小野寺すみれ, アカネ
宮下つばさ, 宮下真央, 坂下亜由美, RIO
岩田瀬里奈, むつみ・さやか
黒木さやか, なみえ
大久保元子, りの
浜尾結愛, 弥生
篠原里奈, このみ・ミク・もみじ
大西りんか, 光岡凜音
小池みのり, 佐伯ゆうり, 郁恵
関宮雫, まゆみ
青梅令奈, あゆみ
安生杏佳, ゆうか・ゆき・しおり・ゆめか・ゆう・碧・あ◯ちゃん１８歳
石宮夏絵, チアキ
姫野ことめ, 川原みのり
瞳りん, 美咲マヤ
工藤れいか, 落合モカ, 東海林夕紗
涼宮のん, あゆみ
黛ユイ, 大崎美佳, 杉山美佳
高尾小代里, たえこ
山路花梨, あんり
反田亜樹, マナミ
ナナ, 晴香・りおな
加藤麻希, サヤカ
柊ひなた, 大野桃香, 猪川真代, ひなた, ちひろ
山田洋子, 不破晴佳
REN, 月乃なつき, 華城まや, 北沢蓮, 染谷陽奈美
小原美久子, やえ
羽田美優, まい
木庭菜央子, アカリ・あいり
仁美りさ, 片岡杏奈
桧山えつ子, 植村まさ子, 菅谷美知子, さなえ
中田百合菜, チカ
大山ももか, ひろよ
藤田愛子, 宮原潤子
篠原ゆず, 涼乃はる, 坂巻あずさ, 夏野あき
玉置ゆき, 橘小春
長谷川もも, 松山香津美, ひい・れん・あずさ・えなこ・貴子
岡崎あゆみ, レンタル彼女
岡沢リナ, 星南きらり, 岡本理依奈
牧瀬あゆ, ゆきな
ARIA, あいら
橋田舞波, 吉崎舞波
瞳リョウ, HITOMI
林京子, 天谷絵梨, まお・まなみ, みちる・みか・さちこ・みう・京子
三花れな, 梢あをな
皆川沙希, 山本まい, 真中初恵, 里見みやび, なおこ・あすか・れいこ・まや
小倉小夜, 堀場弥生
工藤りえ, ことみ
月城あいか, レイコ・玲子
高山やえ, なほ
平岡愛, 速水涼子, 基井美香絵, しずか, ふみか
上坂ゆか, 丹波絵梨, 五十嵐さとみ, あさみ, こずえ
鈴木光, こはる
吹石れな, 真崎美里, 玲奈
沢村まさこ・瑞穂瑠美, 大内涼香, 川畑美波・髙井比呂, 霜崎香澄, 清水愛佳, 侑紀・りこ・えみ・すず
関口えり, くみ
松波ようこ・中畑さちこ, 横居和実・大谷智子, りか, トモコ
秋山あんな, 永澤日向, なお・サラ・めい・カレン
近藤早苗, トモ, 智子
沢田美奈子, 木枯麻理恵, アユ, のりこ
AZUMI, 上原あずみ, 長原ゆい, ちさ, ひめか
愛咲えみり, 宮内麻希, 浅香えみり, 山田亜衣香, ふうか, まい
高梨静香, みちる
晴華れい, 晴華京子, 吉野珠美
大塚まゆ, 白倉雪佳, 細川麻友, 近田文恵, めぐ, まゆ, かすみ
堀内かえで, 本山彩, 堀井由真
柴咲ゆうり, 藤森ねね, 本田美沙, 小原睦美, みずえ
中島千秋, 安田麻理, 成瀬千秋, あかり, ちあき
小日向ゆうこ, 川澄愛華, 高良井栞, さきこ, ゆうこ
室井伊織, 佐緒里, りかこ
桜井るる, 島村理佳, 桜井杏璃, るる
飯田せいこ, 横田里美, 本田友里奈, 堂本みずき, 大竹芽美, せいこ
山本いずみ, 市川彩香, 小松理沙子, 日和香澄, 仲田彩香, 島咲友美, 高井順子, 秋川圭子, なおこ, 明穂
星野イブ, 乙宮アリサ, 星野イオ
今戸奈緒, 斉藤真理, 坂口恋海, ユカリ
立花律子, 光条雪無, アイナ, 美沙
水谷あかね, まあこ, ももこ
稲森琴, 稲盛琴, 牧美里
草壁麗, りょう
及川はるな, 及川ハルナ, 安川涼子, 大橋美香子, 千葉美佳子, はるな
西成静香, 合田美絵, ハズキ
三宅ちえ, 黒澤美晴, みのり
小泉のぞみ, 杉崎晴香, 那珂川詩織, のぞみ
月丘雅, 円夢, 倉持由紀
水嶋ケイ, 斎藤優里亜, リアン, かおり
小坂こころ, 浜口操, 難波優, りみ
宮辺みゆき, 松川妙子
壬生アンナ, 宮沢麻里子, 野崎茉友梨, あんな・エル
上杉典子, 上杉由加里, 田端聡子, 鹿野麻紀
末永くみ, 矢野まり, 高塚聡美
咲々原リン, 如月結衣
長谷川えり, 中根知保, みやび・エリ
中西そら, 木下永美, 薫・ナツキ・れいの
後藤幹那, ユズル
秦百合花, うみ・めい
柏野夢乃, 乃亜・メグ
川田あき, もなみ
星仲みなみ, 坂本結衣, 大久保ゆう, ほのか
雪乃さゆり, 山口芳子, 北村美紗子
江藤けいこ, 林崎ユリ, しおり
森川繭子, 茜
江口弘子, 弘崎吉奈
山下みう, 美蓮・すず・うさぎ
川村ナディア, 白季マリア
姫山紗和, ちさと
千葉徳香, きょうこ
なつき, 夏木ゆきえ, 浪越葵衣, せいか
新橋美加, のどか・アカリ
崎田由奈, 山瀬翔子
今杉香帆子, あやの・若妻
寺口真美佳, るい
伊武恵美子, 野中ようこ, まなみ
今田渚, 福辺ちとせ
Kathy, リサ
美音奏, みさと
一宮みかり, 花守みらい
ゆうき麻夢, 星野ありさ, 天川頼江, 兼信歩花, 吉田さくら・伊藤かおり, かなえ・ともよ, えみ
木南ほのか, 七瀬菜七, ナナカ
君島かりん, 君嶋梨恵香, 三田村真衣, かりん
小日向優, 田代加奈, 山本なおみ
椎名ゆず, 椎名ひかる, 水澤このみ
吉井花梨, 水乃かりん, 高沢真弓, 吉田美和, 小阪弥生
青山留美, 水島あき, 村岡怜子
はつね美姫, 弥生, 松田愛華
西尾いずみ, 名波ゆら, 松浦利穂, いずみ, ユズキ
あまいももか, 金沢瞳, 西山もも, 水野唯
上原友美, 上原みき, 福岡未来, 小寺奈緒美, みき
岡田あい, 岡田愛, 増田静子, 関川のどか, 佐藤愛莉, あい, 亜衣
あんなさくら, 髙樹詩織, 進藤和美, 浦沢郁美, さくら, あさみ, Misako
秋川みなみ, 秋山みなみ, 吉川麻由子, 本多香奈, 熊谷エリ, みなみ, りえ
新田ちひろ, 新田千尋, 吉見準, 吉崎玉緒, ちひろ, ゆか, あやや, りん
広瀬ゆな, ゆな, レイカ
菜月あんな, 西崎真知子, 早苗, 真理子(J-WIFE PARADISE)
月野キラリ, KAORI, 秋元智美
平松恵理香, 北原美夏, 平松美佳
白百合のぞみ, 和希セイラ, 松井美雪
むかいねね, 近藤奈々
桃井早苗, 山崎あかね, 鈴木まりえ, 宇佐美栞, 新田なおみ, 市川さなえ, 野村あゆみ, さなえ, ちひろ, セイラ
ミュウ, 夏目ミュウ, 明石三智子, 春川リサ, 水沢留美
逢原和希, 愛原えり, 愛原カズキ, 寺島チヒロ, 横山かずき, 美来
葉月樹里, 内田知里
結希玲衣, 結城玲衣, 美咲礼, 三上夕希, 池口紀美子, れい, 礼子, 優子
池端あやめ, 清美(J-WIFE PARADISE)
日吉ルミコ, 亜美
川上良子, 南ゆかり, 藤吉由美子
如月麗華, 刹那愛, 藤原ゆうな
高村潤, 鈴木彩, 吉田亜樹, 斉藤里穂, 岡本由貴, 本山弥生, 塚本郁子, 清香, ゆうき, あや
並木加奈, 高梨恵美, 西崎可南子, 名取里穂, りの, かな
斉藤みずき, 村上香織, 小林真由香, 大島みんと, 池永雅美, 安西美穂, なほ, みずき
小野寺梓, 小西麻紀
汝鳥すみか, 田所真里
小泉ゆり香, 多田美樹
山崎景子, 安川みなみ, 安西由加里
岩下絢子, 林晶子, じゅんこ, あやこ
中野まりえ, 中野万里江
篠原景子, 葵さやか
木村アンナ, 田村千晶, 金城まりあ, 沢尻ベリー
姫沢ゆうき, 姫川那奈
七星ひより, 永田千咲, まりこ, ゆき
三浦舞美, 三浦まみ, 庄司舞, りかこ
百田まゆか, 桐原さとみ, 荻原里美, 前川ちさ子, 曽我けい, 今村亜季, まゆか, Mayuka
片倉ユナ, 片倉愛美, 桜木ひな
星空みちる, 皐月ララ, 芹沢りな, 芹沢りあ
長沢りこ, 萩原奈緒美, 河野りさ, 太田りか, ゆり
黒沢もも, 白根美保, あげは
倉本リオナ, 藤川梨緒, 早川桜, まどか
星崎亜耶, 木崎友美, 藤咲りさ, 篠咲りさ, わかば, あや, みなみ, まりな
小西えみ, 小西絵美
浅川サラ, 大塚もも, 本田もも, 北村ゆき, 工藤沙耶, 山下和歩, 小塚モモコ, さら, けいか
伊藤花梨, 松崎潤, 倉田詩織
前田碧, 久保田美貴, 椎名加代子, さゆり
このみゆうか, かすみまどか, 辻ユキ, 高山美紀, 片桐由美, 井川冨美香, 内海桃香
小松みく, 江口沙希
小沢優名, 沢尻朋美
宮川怜, ＲＡＩＫＡ, 蓮見怜
星野声奈, 桜場ひとみ, 正田歩美, ちづる
間宮あかね, 冬木まな, 瀬上芳美, 舟木真奈, はるみ
雨宮優衣, あやな
上本やよい, ふみこ
桃井桃, 鴨川すみれ, 市井美幸, 桜美幸, なぎさ・朱莉
藤代ゆかり, 渋川みさと, 中山みさこ, 桃子
神山なな, 上山奈々
藤にいな, 赤坂にな, 梅田夢帆, 堂本はづき, 安条遥花, さおり, りな, 日菜, ほなみ・あやめ・みつは
中本悠子, 若嶋夢乃, みお
夕月ことみ, 三田千夏, かなで
三橋結, 新田繭子, ゆかり
芦屋静香, 松田美津乃
小島みまき, ゆきえ
清宮りえ, 夏目なな, みる・さくら・美彩
村松ゆきこ, りえ
成田あきこ, なぎさ・まりこ
宮崎ようこ, さとみ
戸塚のりこ, 沢木田祐子, ひろみ
重信さら, 内島玲, 朱鷺井玲, しずか・あかり・カオリ・ココロ・ユウコ・ヒトミ
あまねみさき, 夏井美智子, あまね, 佳奈・みさき・あまね
桜アン, 高城アミナ, 佐々倉アミ, 亜美, あみ
小田さちこ, かなみ
山田よしえ, あいこ
西村有紀, 直美, なおみ
吉垣真耶, れん・まこと
七海まりん, マリン
滝本エレナ, 藤本リーナ
筑紫和歌子, 熟熟女
吉村ひとみ・浅井りょう, なおこ・ゆみこ
松浦まいこ, 堀麻美子, 浦浜まい, まい・ゆきな
太田ゆうか, ふみえ
美原咲子, 園崎美弥
三田あすか, あすか, 小堀加奈, なつみ
松原梨緒, 松原リオ, 奥村好美, みゆ, このみ
古賀弘美, もも
内山佑奈, さや
白石なお, 藤野ルミ, 上島明日香
根本わか, 北堀舞, 鎌田良枝, なつこ
しとう和歌, 並木つかさ, 佐竹ひな子, 井手広子, 高木陽菜, 坂木ふみ, 志藤和歌, 日下部舞, 関根紗枝, 関根桃奈, ももは, こゆき, りえ
麻田サラ, 浅井まどか, 芳賀菜摘, ゆま, ちあき
春樹舞, かずき
希内りな, 栗山美緒
栗原すみれ, 三沢章江, 青田加奈子, 一宮輝美, てるみ
春宮ひなの, 福原悠里
高嶺アンナ, 永山愛
池田夏海, 池内あゆみ, 池内七海, NATSUMI
初芝くるみ, 眞鍋寧々, 伊藤ゆう, 大島暦, 中条美央, くるみ, さき
愛内ももこ, 秋山優奈, 稲垣紗理奈, みさ
穂波さやか, 一色ほなみ
沢村サリナ, ひかりれお, 桑原アスカ, 相原サリナ
清水まい, 神谷知香, ゆりな
美月, CHIAKI
飯田アイカ, 中野くるみ, 徳永久美
二宮さなえ, 神田来未子, 隅田真希子, 小山美咲, 紺野あさり, みほ・このみ・さやか・ありさ
花咲薫, 廣井由希恵, 牧野由希恵, 三宅香織, 古田香純, かおる
高梨エリカ, サンダ―紗奈恵, 藤崎紗奈恵, 栗田愛子, あゆむ
相川まみ, 中野梓咲, 香崎愛, あい
ありさ, 中野ありさ, 小倉希美, 吉川月香
春永いずみ, 篠乃なつき, 田代マリ, 田上なつき, 乙部絵里
岬まゆか, KIYO, くーちゃん
有馬優羽, 陽菜, 中山陽菜, 桜井りほ, 鈴木恵, はるな
上本美里, 柏原こずえ, しょうこ
天宮なる, 濱田美咲
田原咲, 水上純, ナツキ
Ray, マリア・エリヨリ
すみれ, 東尾真子, 石田千明, 山梨ゆず, マコ
松井みいな, やまもととも子, めぐ
安藤聖子, 内藤友美
辻本瑞希, 山口佳苗
石原みさと, 石原美里
三上春奈, 溝口紗栄子
松岡あさか, 矢井田綾子, 松原早織, ヒナ
有海みずほ, 有海瑞穂, 渡貫香奈実, 森下みき, みずほ
新垣那美, 葛西悠里, 藤原恵美香, 高浜紗江・リエ, ミオ
沢田良美, 舛添幸子, 麻木祥子
黄金むぎ, 山本ひなぴ, 舞坂仁美, 山本沙耶, 若原早苗, 若菜, 舞依, さき
辰巳響子, 藤原紗英
岡野めぐみ, 坂上恵美
市波るい, 松山あい, るい
矢島由貴, そら
椿ゆう, 野沢千咲, のん
結城あいか, 藤原星華
峰岸悠里, 文川明代
田中真奈美, 坂山祐子, あい
石田朋美, 神谷未紗
前田由美, 井上遥香
仲原汐里, 杉本優奈, マイ
神崎蘭, 三雲さやか, 中園ありさ, ひなた
菅野みいな, 里中結衣
咲月音羽, 中川江里, ケイコ
舞島環, 中井智子, 福西咲希, 曽根崎櫻, ゆかり
吉田美桜, 小林理紗
藍原優香, 吉野美雪, ゆい・ゆみ・みその・かぐら・レナ
藤咲すみれ, 森谷美穂, 宇佐美由愛子
広瀬れいか, かえで
五十嵐純恵, 石井咲楽
鈴木エリカ, えり
長尾亜絵理, 水戸あゆ美
土屋あみ, 桑島祐実, なお・あい
有瀬望美, 有瀬のぞみ, あずみ
北川レイラ, 松岡美織
熊野あゆ, 澄川鮎, 小早川月帆
望月祥子, 長内真美, 長田真結美, 岸畑孝美, まみ
小池奈央, まりか
兵藤あかね, 深沢富江, みく
柳川みどり, 小林冬香, 遠間綾子
星野ゆめか, いろはまりん, 細谷麻里亜, さゆり
深美せりな, 川谷さくら, 紺野友梨
宮前幸恵, 福永幸江
楠木真奈美, あゆみ, あいか
池田咲, 市川さとみ, 鶴田舞, 須藤理子, 佐々木優奈, 奥村沙織, 長谷川由紀菜, ゆりこ・きょうこ
上嶋香苗, 怜子
池田さやか, 大井智恵
まなかかな, 早見雪枝, 大石杏奈, 今西日名子, さやか・みなみ・まいな
神田るな, 遠藤美波, 三原雅
秋元ゆず, 田中美春, 渡部晴香, 岡村香澄, はる, りつこ先生
絢葉由貴, 彩波有紀, 広瀬奈津美
菊池よしの, れい
春見風歌, 霧島ミカ, ほのか
白石まなみ, 白石和歌, 白鷺和香, 来栖みさ, きみお美央, 立木美緒, 美咲愛, みのり
秋山真弓, 松島涼子, 松田幸子, 丹沢京香
杏樹, もえ
桜井遥, 安達未歩, エリ
畑詩織, 御崎玲奈, マミ, 久美
吉岡愛乃, 松嶋友美, 堀田明日香, 最上梓, アキナ
桜さき, 桜ゆき
松田朋美, 森下明美, 佐藤寛子, りえ, あき
元村麻衣, 三好沙里菜, ルイ
山田玲華, 愛葉沙希, 相川愛美, 竹田洋子, 伊藤さくら
美咲結衣, 唯, 結衣, ゆい, 性欲処理マゾマスク
露木陽子, 西尾玲奈
小林愛弓, 紕咲あゆみ, 小林あゆみ, 愛弓
柳原あかり, 中谷あかり, 結城絵理菜
明日菜, 西森遥
森沢かな, 飯岡かなこ, 藤原遼子, 飯島恭子, ふみこ
遠藤千明, 富島千夏, 元木愛, 鈴木小百合, ちあき, ゆうこ
直江裕香, 直江朋子, えみ, れいか
中根あゆみ, 中根歩美
月乃ルナ, 美幸ありす, 谷村亜莉子, 島崎りか, ありす, カリン
辰美はな, 滝沢葉奈, はな
三嶋あみ, 高山志穂, 木所鈴香
三村紗枝, 藤町なお, 高村紗江子, さえ
来栖ひなた, 森乃このみ, 橋本早紀
坂口百合, 岡本しのぶ, 鴨田御代, ミナ
宮原久美子, ひとみ
岡原由美, 西田りさ
成瀬ひより, 最中明菜
水谷由紀, 三浦敦子, 佐倉恵里菜, カエデ
酒井杏菜, 留萌雫, 田中まりこ, メイ, とも
江口美里, 竹下里紗, 戸之上理佐, リカ, 直子
橘李花, ねね
奏音, 美波奏音, 南奏音, 新堀亜沙美, 中川あけみ, 林
南条朋子, かえで
園田彰子, 宮迫蘭, 臼田郁代, まいこ
鈴木さえこ, 末吉りり, 江口美沙, 相場洋子, 大原奈美江, 璃々, かえで・みほ・京子・みき・ゆき・かおり
前沢小百合, 今野由美子
横山紗江子, 福江範子
木下礼子, 曽根島絢子
杉浦花音, 亀井ひとみ, 相葉夏子, 近藤瀬奈, 片平美嘉, 茂野美嘉, カノン, ルナ・みひろ・エリカ・まみ・しおり・まりあ・かのん・えりな・りおな
星野いくみ, みさ
谷口あゆみ, ゆうな
井川みおり, 北原美香, ミク, みく
高野桃子, 長田そあら, 佐藤雅代, あやの, Kanon
長谷川まや, 希咲良, 結川ゆう, 千田総子, りん, りさ
多田瑞香, かすみ
葉月ゆか, 中村志保
福山香織, 真波紫乃
鈴木理沙, 桜井茉莉
田口ひとみ, 日高のりこ, 池田加奈子, 峰川杏里, ミイナ・リリカ・ゆうな・マミ・ちか・まり・葵
岸あやね, なるみ
安藤つばさ, じゅんこ
森まゆ, つばさ
高島みれい, 坂庭葉子
戸田志乃, 吉野さゆり
朝比奈菜々子, 朝比奈京子, 今井花菜, 上岡流留香, 野々村あいり, 小池愛菜, 冴島みのり, ななこ, せりな・愛・ちひろ, モカ, 陽菜子
及川幹恵, もな
村上典子, 優
正木可奈, 佐野美緒, そら
水沢はな, 星名愛美, 西乃絵奈, 桐山あかり, 松尾美里
美波ゆさ, 山下美樹
菅野礼奈, 山内泰子, 長倉美奈, ナミ, みさこ, かよ
窪田さおり, もとこ
藤本紫媛, 夏川エリカ, 夏川遥, 宮野千秋
みおり舞, 麻宮玲, 沢田茉莉乃, まい
杉本いく, 春山茜, 長峰沙希, いく
安田晴美, 湯川みはる, 小林麻衣, 安田晴美, 武内芽衣, 幸枝, めい
杏堂怜, 瀬戸ひまり, 山崎まゆ
海老原美夕, 荒木麻耶, いく
菅原里琴, 菅原りこ, 田辺恵美, 小幡リサ, 藤岡奈美, 新井和美, 美穂, りこ
玉名みら, まり
幸村真央, 橋本千晶, マキ
萩原梢, サナ
尾島みゆき, 尾嶋みゆき, 松本愛梨, みゆき
ほのか夢, 遠山小雪, 豊岡夢, 彩峰奏, 谷沢美優, ほのか, 帆夏, かれん
水原レイラ, 水原サラ, 松下ステラ
望月優子, 市井綾乃, 市井彩乃, 森山咲花, 桃井春菜, 五十嵐由美子, 北野暁美, 川瀬暁美, 市井亜矢花, 伊織, 亜矢花, みわ, 真由美
大山涼子, さちこ
奥沢ひろか, 柴田愛華, 相葉三咲, カリナ, マリ
川越ゆい, 川崎ゆい, 川西ゆき, 大島沙織, 鳴海すず, 朝倉すず, 中山亜矢, さくら・七海, みなみ・あやか
可愛まゆ, 大野みゆ, 河合まゆ, 瀬戸百合音, 水波ここあ, 岡崎ひめか, 北見唯奈, ゆかり, 有希, 優花, まゆ, ひな・あい・みさ・りお・ゆい
谷中晴美, 小石川優, ヒトミ
小林沙希, 江原美樹子, あきこ
山田ちか, ほのか
秋吉みなみ, 神崎瞳美, カスミ, 高城梓紗
林杏樹, 最上なみ, 神咲亜依, 三田絢香
河田さき, 関谷まなみ, 石田由香里, モナ
沢口絵里, 木村泉
藤本鈴菜, 串宮舞, 理沙
枢木みかん, 三浦萌花
大嶋なるみ, 矢口香菜, マリエ, リオナ
蓮実クレア, 安達亜美
麻生早苗, 渡辺尚子
足立美香, 松重可奈
神埼ひより, 早乙女花蓮, ミホ
飯島あゆ, なお
水野葵, 石田璃寿夢, 星乃さくら, 佐伯かなこ, 相川美佳, 森下美穂
宮谷はるの, 中村成実, しの
春咲花, 柏崎美玖, 沢田千波
川下茜, 清水美彩, ゆうこ
宮本るみ, イヴ, あきこ
南沙樹, 古川成美, ゆい
青木椿, 古川澄江, 青井和枝, つばき
佐々木梓, 三ツ矢瑠衣, ルイ
佐田詩織, 関根苑子, ユメ
宮永香織, 高須めぐみ, かおり
久保田佐和子, 長谷川祐実, 美和
桜ゆい, 川松紀香, 本村紗枝, セラ
生稲花歩, 安斎奈緒, サオリ
西野奈々, 河嶋由紀江, ミヨ
京野明日香, 京野あすか, 北野麻衣
佐山麗子, 竹内美緒, 栗本多賀子
桐沢さくら, 成瀬祥子, はるか
沢本由紀恵, 沢木雪枝, 青木優, 冴木由依, 由紀恵, ゆきえ, めぐみ
柊朱音, 澤口亜美, ハナ, みなみ
浅野純子, 福田茜
綾瀬なるみ, 水樹梨香
荒木まい, 荒木麻衣, 大谷結愛名, 荒井由香利, 星川杏奈, 倉本ななか, 小暮みなみ, 市川理子
大久保佐織, 大石多香子
姫乃杏樹, 月咲心愛, 島本詠子
辻美夏, 吉岡愛美, 永谷いづみ, えりこ, あやこ・すずか
夏目葵, 石田ゆい, 岬裕美香, 夏川メグ, 日高彩乃, 春川葵, 渡邊絵里, 春樹, あおい, みき
天使つばさ, 滝川美琴
愛花沙也, 秋元まゆ花
中川智恵, 巴まな, 皆方玲奈, ちえ
桜井結菜, 笹原みね
篠崎真理, 村口愛奈, ユウコ
西川花子, 西田るか, 川島まみ, はなこ
白坂百合, 本田澄子, 百合
三崎かよ子, 盛川亜希代
山中もな, 山中モナ, 沢希モナ, 山下成実, 福本いずみ, 朱璃
堀川真希, 桜田理枝
中山美優, 森川友里, 中本美織, 尾上千鶴, もか
徳井涼子, そのこ, かな
小沢志乃, 小沢幸子
野々田ゆり, ふみ
冨田じゅん, 富田じゅん, 白石みさと, 城戸葉子
浅木りお, 谷脇弘美, カオリ
井上美紀, 二ノ宮静香, ミコ
田辺まり, 坂口ひとみ, ゆう
川仲ことみ, KOTOMI
鈴木しおり, 二宮美佳, レミ, みゆき
青山せりな, 千谷五月, 木下あずさ, サヤ
大嶋かりな, 三谷利杏, かりな
西川りおん, りんか, りおん, Rion
愛澤みのり, さらさ
松島理恵子, 岡本流菜
今井さやか, 浅川さおり
大野美香, 渡辺真穂子, 松本弘美
鈴木光代, 金田里子
鈴木かな, 加藤瞳, 中島ゆう, 新藤美咲
平原絢, 嶋智恵美, 篠原香織, チヅル
比留間千沙, 関口千尋, 道幸さいり
内田涼子, 長谷部美陽, ナナ
片瀬未来, 桜井美香, アリサ
佐野千尋, 北原梢
市來あやか, 片山里美
北見沙斗, 柳原かおる, みく
北原麻里子, 竹内珠理, なお, さや, ひろみ
夏目陽菜, 生駒なお, 沖野るり, 有吉めぐみ, 野本カノ, 笠原佐智子, 吾妻絵里, 今村ゆう
梨杏, 江住梨杏, 阿久美々
堀口真希, 本田瑠奈
御前珠里, 三崎あかり, 佐久間泉, あかり
南あずさ, 原田かよ, かよ, りょうこ
大久保めぐみ, ありか
森本洋子, さなえ
鳴海小春, 上田可奈子, 小春, Koharu, こはる
結城まりん, 藤井夏希
川島有里, 山岸智子, ミチコ
辻希美子, 長門愛, 瀬能みゆき, ミィ, みほ・知子・翔子
春日野結衣, 町田安南, 星川そら
沢野美香, 小林李奈
園咲杏里, 工藤紗希, 冬木優希
玉井ユカ, 中山ゆり
石川しずか, 瀬奈紀香, 木下ゆみこ, かおる
本田千香, めい
成宮祐希, 佐藤茉莉
篠めぐみ, 宮嶋あおい, 中村遙香, 葵しの, 碧しの, アスナ
広瀬りか, 岩崎リエ
吉松凛, 市川凛, 坂巻楓, 晴美, ひとみ
日向彩, 茅原琴音, 猫悠ひなた, 猫柳ひなた, 葉月凛, 二宮結月, 結城伊織, ゆきな, みさこ
桜庭杏里, 風見ひかり, 鷲見菜々子, 千鶴
吉田さゆり, 新山紗江子, レイコ
緑川佐枝子, 田島亜希, えみ
浪川梨花, 青木菜摘, しいのまお, 辻ありさ, りか, リカ
星野りか, 皆藤真弓, 工藤帆波, 井手尚美, 有賀のり子, リカ, 明日香, たま子
一之瀬愛理, 白崎由奈, 水樹れな, 八神のえる, 八神ノエル, 永川みのり, 田中奏風, みずほ, れな, Airi
黒川明子, 佐々木美恵, ユイ, みな
おかだ梨花, たおか梨華
大海まりん, 秋元希
和久井里奈, 立木由花
高畑ゆり, 前野静代
望月さやか, あおいつぐみ, 寺島美菜, 小倉葵, 筒井琴実, 市川百合絵, さやか, つむぎ
宮崎由麻, 山崎まゆ, 津田由加里, 新井知恵, 柳抄織, 由麻, ゆま, Maron
城野絵里香, 叶あん, 松雪杏奈, 大村結喜, 伏見玲子
桜井菜緒, 桜井なお, 寺井佳奈
藤井このみ, 星野アミ, 西野あみ, 田中麗香, CHIHIRO
喜島蘭, 荒川洋子
浅倉ひなの, 南りいさ, 白石美香
桐島れい, 青島仁美, みなこ
植草愛, 篠田ゆかり, 原田留奈, きみえ
神木なな, 石岡琴美, 上里那美, ななこ
南あおい, 野村美穂, 福井さくら, 垣内里佳子, みく
小谷真紀, 平下里香, まきこ, 茉季
有田瑛子, えり
米山愛, 大貫唯, あいこ, あい
藤井未来, 織田彩佳, 須和りな, ともか
前島あみ, 岩井安奈, りりか
七瀬あさ美, 綾咲くるみ, 如月妃美子, 柏城麻依, 篠田りの, 佐々木レイ, レイ, くるみ, ゆき
五十嵐こころ, 中野ゆう, 高城麻友
水原百香, コノミ
谷原亜紀, 藤崎メグ
あかり優, 優香りあ
立花なお, 立花奈緒, 森岡真美, なお
相馬あすか, 藤木のえる, 菊川利恵
滝沢あんな, 瀧澤あんな, 永山恵美理
滝本紗耶香, 太田美優
竹下なな, 竹下奈々, 小野田秀美
西木美羽, 西木みわ, 白石智佐子
武藤クレア, 宝生優果, 羽野理沙, 望月みすず, 大津奈緒子
牧瀬まな, 杉本有紀, 加勢美晴
まどかみれい, 福山沙紀, 桐島なつき, 翔子
朝比奈るい, 井上亜由美
牧野さら, 清水早紀, 若槻かおり, 竹下希美, さき
舞浜朱里, 富田麻由美, 福森綾音
おぐりみく, やざわかりん, 矢沢かりん, 矢沢りん, 桜木トモ, 兼田久美, 窪田美玖, 浅川瑞穂, かりん・せりか, ミク
みなみゆき, 宮村麻耶, 嶋田智里, 西川理子, 浜口ななみ, 花梨, なおこ
工藤はな, 室谷雛子, Hana
芹澤かなえ, 芹沢かなえ, 芹澤あかね, まい
相原れな, 三浦加奈, 篠原リョウ, 望月涼子
長谷川なぁみ, 木下智子, 小野悠美
織原えみ, 古田美穂
篠原るり, 広瀬流利
朝比奈マキ, 佐久間真麻
梅宮あん, 中山栞, あんず
神田ねおん, 津川夢叶
真咲レイ, 椎名リカ, 高垣怜
岡田裕美, 千恵子(J-WIFE PARADTSE)
愛葉渚, 佐々木怜, なぎさ
渡瀬安奈, 渡辺杏奈, 沢渡杏里
光矢れん, 小山藍
神谷梨々, 綾瀬美音, 一之瀬美久
倉本あいら, 飯島みゆき, 竹内ゆいな
上原結衣, 坂口ゆい, 東條はるか, ゆい
羽沢愛, 新島楓
春野みく, 及川みよ
秋山レイ, 水沢レナ, 広瀬美香, レナ
綾瀬なな, 姫咲ひかる, 瀬川なみ
福橋由芽, 高橋順
YOKO, 楓, 松嶋楓, 水沢楓
吉田あいり, 藤巻真優美, みなみ
中村まゆ, 手塚ゆう美, 手塚あゆみ, 吉澤ひろみ, 山根裕香, 佐上まゆ
吉川萌, 大沢萌
姫乃未来, 姫野未来, 原口さゆり, 芹沢まゆら, 佐野絵美, 西岡よしの, 金森いずみ, みく, 彩乃, Miku, まちこ, まゆら
吹石恵, 矢吹沙也香
ミムラ佳奈, 三村佳奈
南ももか, 南桃香
村瀬さやか, 高田真由, 国見響子
若葉薫子, 曽我部歩, 月野うなぎ, 加藤爛
相沢唯衣, 相沢ゆい
愛田瞳, 中山美玖
瞳めい, 島村洋子
松原つくし, 相川由愛
青木莉子, 片岡さき, 桜まい
瑞樹ララ, 飯島奈津美
後藤ゆりか, 後藤友里香, 高田のの
夏希のあ, COCO@, 小菅千晶, 星野なな
神楽あいり, 真弓あゆ, 神楽愛莉, 新田朋恵
葉山真琴, 野崎まこと, 青木渚, 吉川さゆり
桃井杏南, 水野ふうか, さとうみつ, 田中志乃, 茉莉もも, 七草まつり, 七草アンナ, 桃井アンナ, 松田茜, 潮琴美, MATSURI
長野しおり, 柏田みき, 末永絵梨菜
椎名あこ, 神崎ココ, 椎名亜季子, 沢口加歩, 亜子, あこ
上原美菜, 植原美菜
椿まや, つばき摩耶, 川瀬まひろ
rico, 立花沙希, 吉川ひなこ
鈴音りおな, 平山もえ, 愛内ひな, 澤田なつみ
姫乃あん, 姫野杏, 姫乃杏, 媛乃蘭, 釈迦由美子
高瀬沙耶香, 長岡真美子, 米山麻里, 麻里, りえこ
池尻慧, りほ
松岡梨恵 , 浅岡智穂 
窪田まり, 谷本功子, 夏子
堀田恵, つぐみ
石川アヤ, 稲森春奈, あや
小松ユリナ, 坂谷麻里
須藤愛, 張田佑子, 須田愛子
藤咲美優, 秋田奈緒美
若林美保, 若林美穂, 小室優奈, 若林リカ, 有馬すみれ, 林みほ, 美穂, みほ, みゆき, 恵利
速水もこ, 蛯沢真理
黒崎あみ, 寺田美沙
小山アキ, 工藤裕子
常夏みかん, 常盤夏子, 星崎瞳
松浦亜美, 長瀬葵, 羽田美佐子, 鈴木じゅり
稲森あゆみ, 向井彩乃, アリス, ゆみ, ゆうき
倉本清子, 太田清子
山辺千代 , 山口恭子 
桜井かをる, 絵川真帆, 長瀬美代子
柚木蘭, 柴原くみ
日野楓, 森崎弓子
加納瞳, 木谷千絵子, 加藤美加, 黒田真希
田村美羽, みう
古館びわ, 椿姫, 森口絵美
桜井なの, 下村春香, けい
姫咲水希, 野崎水希
片山泪, 小嶋愛理, 菊池るり, るり
今井裕美子, ひな
成宮いろは, 辺見麻衣, 里谷あい, すずか, あい
玉木純子, 鳴海ちさと, 桜木はな
小嶋ジュンナ, 嶋ユリア, 桐田あゆか, 菅原せいら
朝桐光, 南野あかり, 性欲処理マゾマスク 
小森もも, 日向早紀
長谷川さやか, 太田ゆう子
姫川きよは, 大島喜代葉, 長崎きよは, 富永寛子
小川千尋, 木村麻華, Arisa
夏川美久, 木下香菜子, 根岸千尋
愛菜友華, 沢田愛奈, 吉田和代, ゆか
柳瀬美月, 千歳ゆきの, 千歳ゆき, 重盛かなみ, 水野ゆきの, 久元宏枝, 板東瑠未佳
坂田もも, 田代由美, 上村香奈恵, 藤原知加子, 仲田麻美, ひなた, もも
琴吹さくら, 松村ちはや, さくら
RYNN, アリシア・ジェフリー
堀北真里, 宇田川香澄
秋山陽菜, 早野麗花, 徳永亜紀奈, 大林瑠衣, 青山美香
石本きょうか, 市橋早希, カンナ, きょうか, ゆうか
青木琴音, 来栖ひかり, 磯貝燕, 波形モネ, マナ・りの
木下ハイジ, 伊藤美雪, 鳴海佑子, 平川春菜, さくらこ, はるか
あまねなのは, 中原あきな
つるのゆう, 細谷美紀, 永瀬佑佳, 渡井佑佳, 松本ひかる, 里中しおり, 加納美佐, 三宮由紀, 落合香里, 古谷静江, 夏木アンナ, 佐藤かおり, 美香子, 美奈代, ゆう, スズ, 井口夫妻, えみり, 雪ミク・ひなこ・つばさ
ささの遥, 香川りお, 伊藤みさき, ヒロミ
水澤りの, 水原りか, 堤恵莉那, 水口蓮美, あげは, りの
海田咲, 立石みさき, 阿川光, 坂口絵梨奈, 指原美由
桜井みちる, 藤井らん, 三里アユ, 上条アイコ, アヤ
松橋遥, 増田香, あみか
星野あいか, 吉本りさ, 前川敦子, イヅミ, みかこ, あいか
水沢えみり, あかねみき, えみり, 希
神野楓, 渡辺茜
坂田美影, 神田あかり, 田牧みか
鈴木真央, 矢内里華, 仁藤遥, 真央
EMIRU, 早希なつみ, 水姫麗奈, 松下美里, 新倉麻美
天音まりあ, 七海まりあ, 原真希代, まりあ(X, まりな
白高ちさと, 白坂ちさと, 桜井美里, 生田智里, 真矢
瀬名あゆむ, 広瀬藍子
椎名めぐみ, 西村由紀子, 華咲菜々美, ななみ
ゆうきさやか, 朝比奈さき, 浅倉紗季, 芹澤カレン
春菜りお, 春奈りお, 秋本聖子, 村上希美, 渡辺梨香, ひとみ
青山さつき, 吉永なつき, 滝川京子
月乃ひかり, 雅みう, 綾部はるか
雛松りえ, 向井千里, 江藤つかさ
水沢ありす, ゆづき杏, ありす
小谷ちあき, 有森美結, ちか
泉朱音, 香椎りこ, 三崎香織, 西谷真由里, 室田千夏, 長嶋穂花
安達いずみ, 桐島江梨子, 浜岡紗恵子, 宇野美希, いずみ
折笠弥生, 大滝美帆, 阿部瑞希, 優木モナ, ほのか
芹川レイラ, 小泉ノア, 一条玲奈, 西森佐知, 芹沢里英, ゆりあ, ゆずき, れいこ
菊川瑠璃, 綾川早希, 小川由紀
華恋, 一ノ瀬かれん, 木下華恋, KAREN, 長澤美樹
美波ゆりあ, 長谷川舞, 佐々木レイ, 松山亜実
琥珀うた, 木下瑠璃, 美里みく, 甲斐友美, 桂木深玲, うーチャン, Uta
優木あおい, 春妃いぶき, いぶき, 山田泉美, 綾部いぶき, 栗原いぶき, 間野アヤメ, 下山真由美, 小沢由里, 奈央
ASUKA, あすか, 大橋桃花, 前田明日香, 鶴見朋子, 岩島遙, 下平明日香, 美樹, なつき, リコ
小桜沙樹, 茅ヶ崎リサ
朝倉みき, 安原優花
愛那梨華, 水野あかり, あすか
佐々木マリ, 木崎紗耶, 栗原澄香, まな
桜小雪, 椿花鈴, 森高七海, ゆき, まどか
Roco, 明佐奈, 土屋かなこ, 城崎麻理子, 佐倉和香
小林初花, 初花, 遠藤ありさ
遠藤はるか, 浅尾美知, 内村栞
大野ゆか, 蒼井はるか
あいだゆき, 夏樹恵理香
三咲悠, 若林ひかる, 若林由香梨, 若林留美
YURINA, ユリナ, 三浦香織, 月島葵
浅岡沙希, 春乃はな, 佐藤ちか, 山下久美, 谷口恵理子, 浅間さき, さき, さら, 沙羅
瀬名えみり, 江川瀬奈, 塩田結衣, えみり
遥めい, 愛川美里菜, 千田理子
望月るきあ, 夏樹美雨, 早乙女愛良, 早乙女理愛奈, 山下香織, みう
MECUMI, 仲里愛, 田中愛
冬月ひな, 聖なな, 緒形茉莉, 仲村桃華
風見梨央奈, 高梨風花, 濱田マキ
金子まどか, 矢野奈美子, 香乃華, 矢野美雪
加護範子, 小野瀬香恋, 三浦ありさ, 辻みゆき, みなみ
長瀬あずさ, 矢田亜季, 村上真里, まこ
三枝みのり, 小沢なずな, 安達舞子
三枝景子, 有賀須磨子
浅井千尋, 上原恵理, 島津史穂, 木下美希, 浅田千恵, 島田真世, ちひろ
明石洋子, 吉沢真利子
クリス小澤, 瀧沢クリス
黒澤エレナ, 黒澤えれな, 黒木レナ, 黒岩亜由美, 本上優, 山瀬奏, あみ, ゆう
ふわり, 細川めぐ
みずほゆき, 香坂美優, 朝比奈茉里菜
北条麻妃, 白石さゆり, みさえ, 性欲処理マゾマスク
星優乃, 星野静香, 紅音まい, 夏川サヤ
結城リナ, 湯川沙耶
村瀬優花, 菊池真奈美, ゆみか
桜あい, 大枝千穂, 忠美ことみ
二ノ宮りよ, 宮本あゆ, 宮元あゆ, じゅり, ゆりか
宮秋なお, 杏
星崎キララ, 星崎希莉, 矢沢瑠々, 星野まい
荒木沢玲, 中川あや, 弘美
優希詩織, まみ
吉本和香, 浅羽有希子
柚木梨奈, 柚木莉奈, 佳織
加瀬亜弓, 青木琴子, 夏樹
本多由奈, 鈴森きらり, 藤本梨菜子, 響子
桜井かほり, 美村綾乃, 赤石良子, 蔵井佳乃, 彩乃, あやの
森杉薫, 湯川綾子
相川志穂, 瀬名小百合, 篠宮千明, 四宮ちあき, さゆり
牧村京香, 三井りこ, 新城いづみ, マイミ
今井めりる, 薫ひな, 竹野陽子, 鳥越麻琴, 日菜, 知紘, みはる
若菜亜衣, 若菜愛依, 若葉愛, 恵理, 梨香
広沢美里, 阿藤美砂
廣野すみれ, 米崎真理
時田あいみ, 若菜めい, 土岐田あみ, 森下あいみ
長谷川里香, 長谷里奈
吉海エリ, 滝麻美子
沙藤ユリ, 芦沢晶, 川上由比香
小湊菜々, 石原由菜, さや
金城愛菜, 柚木彩華, 香川美里
杏野まひる, 園見恵里香, 水谷真希
瀬波結奈, 古田真耶子, 七瀬唯
荒木忍, 上松なぎさ
志津杏里, 酒井美幸
小野寺のあ, 星川美沙, 古清水ゆりか
梶山弥生, 凜子
いとう凛, 横田はる, 佐野あかり, りん, みなみ・まな・マヤ
進藤みく, 進藤みか, 新藤みく
加賀美セリナ, 増田留美子, 森下美奈
水原ひめ, 水原みなみ, 水澤真央, 瑞澤沙織, 綾瀬はるの, 山川歩, 浜崎ひめ
花凛, 松橋有香, 鈴谷香澄
萩原亜紀, 手塚里菜, 佐々木明子
一ノ瀬由美, 会田由美, 石倉純子
真鍋美奈, 山下真美, 水樹英理奈, えりな
宮崎茉緒, 宮崎まお, 南優香, さな, なお
松岡尚, 田宮梨香
長瀬まみ, 橘美莉亜
長澤まどか, 村上真依
月野みちる, 上原愛, 片山莉乃, 野中みき
森永みさと, 遠藤里美
早乙女りん, 早乙女らん, 杉浦彩, あんな
柚宮なお, 桜真理, NAO
美夕, 杉浦希亜
松下昌美, 小室美穂, 布川なお, みき, 奈緒
前田亜衣, 倉田夕紀
若杉愛莉, 平山梨穂
八木友子, なな
亜由美, 谷口さやか, 青木つかさ, 園崎玲奈, 木村あみ
南千夏 , もえみ 
保科真純, ゆづき
朝倉ことみ, 酒井杏奈
瀬戸まひる, 増田沙希, 沙希
白砂ゆの, 千場みさと, 高岡めぐみ, 室沢由乃, ゆの
蜜井柚実, 木村恵里, 長谷川美沙子, 五十嵐舞, まい, もえ, エミリ
夏樹しおり, 多岐川香織, 水上さやか, 大橋かおる
加々美涼, 海老原尋子, 浅田優子
長山悦子 , 日高楓 
森下夕子, 神崎清乃, 長谷部鈴江, らん, ゆう子・ゆきえ, 千鶴, 中条さん
清水愛梨, 浅見セイラ
洋子, みな
村田ひさこ・小坂みゆき, 三塚梨乃, 洋子・よしえ・さと子
南未果子, マキ
夏目みくる, エリカ, なぎさ
伊吹まどか, 藍原瑞樹, 倉多由美, 美羽, いおり・まどか
三浦裕子, 三谷結羽, 宮澄亜矢子, ゆうこ・はるか・なな・たお
篠宮遥美, あきな
宮城心菜, 川島愛奈, 黒田瑞穂
森ましろ, 梨木萌, 岡田葵, ももか・まゆ・まり・なみ
谷口心実, ありさ
白石ゆり, 白井芽衣, まゆこ・めぐみ・なつみ・ふみの
竹内あさ美, 若森厚子, なつみ, Iカップ爆乳熟女
日高麻美, 安田亜衣, 千歳
朝日奈遥, 南河あかね, 山下直美, 渋谷ひとみ, ありす
とみの伊織, 富野伊織, 恵美
松音ゆあ, 宮前ことね, 伊藤莉名, ゆあ・ゆう
月村ひかる, 小林莉緒
成宮麗子, 長内弘子
中園貴代美, 中園喜代美, 佐野真知子, ピアノ教師
秋山美咲, りさ
紺野美結, 岬千恵
月野ゆりあ, 綾宮さくら, 豊田ゆう
藤澤美織, 村上佳苗
鈴原美樹, 野々村遙香, はるか
香苗, ひとみ
波瑠まいな, 岡本優紀
鈴木すみれ, みちよ, ナオ
井上まなみ, ミライ
杉山圭, 杉山ケイ, ＫＥＩ
七瀬みれい, 加藤綾子, 蓮城まこ, みれい
美杉あすか, 中村シノ, 中村志乃, 中村しのぶ, 木下奈美, しの
椿まひる, 小春あひる, 野村心結, 北川恵, つばき
森元あすか, 森川千里
ＲＵＭＩＫＡ, 荒木優樹菜
園原りか, 月嶋千恵
園原みか, 夏目るな
葉月るい, 桃井りん, 松井菜央美, 栗山帆花, 葉山唯, 白石歩
葉月みお, 谷村しおり, 斉藤香澄, MIO
水町ゆきの, 綾宮京子, 緒方みずき, 内藤斐奈, 神咲ナオミ, 北原愛奈, 中谷美穂, 西川ともか, 二ノ宮優子, 北原志帆, 小池奈緒
新田利恵, 秋吉久美, 田中千代, 山口玲子, 新田恵美, 島田裕美, 麻衣子
橘美沙, 中道淳子
赤坂ルナ, 阿久津美佳, さつき
みなもとみいな, 青柳早希子, 中谷美穂, 水木このみ, このみ
城月あやね, 結城綾音, 結城彩音, 佐藤あや
竹内紗里奈, 村上里沙, ＲＩＳＡ, 村瀬沙緒里, 真宮梨沙子
青井マリ, マリ
矢沢るい, 三沢幸恵, 橋口さつき
宮崎彩香, 塚原純子
辻さやか, 山咲リリィ, 大谷真央子
大槻ひびき, 綿貫沙織, 浜田絵梨, まひる
橘ミオン, 石川鈴華, 青山遥, 池内莉奈
長谷川美紅, 沢田律子, 高見志穂子, 清水多恵子, みく
翼裕香, 高岡リョウ, 下川範香, 香川純, ゆうか
友田真希, 山川郁子, 人妻まき, 成美
友崎亜希, 伊藤春香, さなえ
橘いずみ, 新堂繭, 稲森のぞみ
国見奈々, 古瀬理絵, 木島奈々
真白希実, 秋元真希
宮澤みほ, 東山久美
篠原優, 木ノ花あみる, 中原南, 渋谷晴美
前田ななみ, 成宮梓, 片瀬瑞穂
かなたいおり, くさのまり, 橋爪美咲, 斉藤明日香, おりたかな, 松崎清美
桐乃みく, 山岸真理
荒川夏帆, 藁谷幸子
森野琴梨, 沢田りほ, 倉木百合子, みほ
藤川あやね, 加藤里緒, 鈴井まり
椎名ゆうき, 伊東麻央, 藤谷ゆうき, スザンナ, 山下かおり, 平井莉乃, 川口かのん, 悠, ゆずき
飯田彩, りか
百瀬ここあ, 安倍晶子, さや, ここあ
白井茜, 卯月裕実, 白石さくら, アカネ
松岡みれい, 美鈴
本橋司, 河平杏那, 沢田千秋, 千佳子
三日月春歌, 桃色つくし, 宮前はづき, 大橋けい
谷村もえ, ミキ
西田ゆい, 金沢冬美
矢口菜緒, あすは
石井ゆりこ, 黒沢えりか
青木春香, 篠田絢, 黒沢優花, 鎌田のぞみ, Haruka
加藤しょうこ, あき, みるく, ジュリ
水瀬いつき, 加藤範子
皆澤奏美, 水澤佳奈美
江角妙子, 平野絵美子, 谷川静香, 島田
半田りえ, 伊織沙菜, 伊藤沙菜, 川島くみ, 知念みくる, 田辺真柚, 雨宮りん子
田中みゆき, 大竹須沙菜, 森咲かほ, 関口まさこ, 中村ひかる, 金子楓, 橘あみか, 咲綾, みわ・みゆき, サキ・ナツキ
小川みな, 宮園麻子
加藤あやの, 柏木あづさ, 山城みずほ, 八雲友子, 和田みさき
米倉のあ, 中村ひかり
高倉美千子, 池谷美好, 坂下奈美恵・りょうこ
伊藤なみ, 松井香奈, あきな
大谷るみ, あきこ
高山沙樹, 夏目歩香, 美羽
愛川奈美, 愛内夏
桐谷あや, 高橋佳織
松岡セイラ, 松岡聖羅, 倉木詩織
大島彩音, 大石香奈子, エリナ, 幼稚園先生美紀
佐々木美佳, 菊川生子
沢田ももこ, 森下かりん, 有村千穂, 七星くるみ, 深江千夏, 飯田響, 戸川つぐみ, 鈴木さやか, 冴島美花, 山本美花, 崎内涼, 智花, すみれ, ともこ, あおい・とも・まりな, くるみ
高野由梨絵, 竹本永奈, 森下久美
天海はるか, 天海春香, 森下万里, 有村れみ
小森かな, 多部みゆり, 小田かのん
百合川さら, 茅ヶ崎ありす, 茅ヶ崎彩夏, Sara
井上歩, 向井皐月, 淫乱介護士
大野美紗, 児島咲, ミク
西野まお, 渡辺結衣, 伊藤ゆう
世良つかさ, 藤野美紗希
福田美菜, 由美
北原聡美, 並原梢絵, 栗田岬, ミズキ
樫宮しおり, 倉田麻紀, 有浦美加, 前田美加, 若菜, しおり
菅野菜穂子, 関口亮子, くみこ
八上寿々音, 小早川しずく, 川隅あき恵
三又さち, 光
早川リナ, 水無月那津江, 中野亜美, ミノリ
広瀬ココ, あかさかゆい, 大崎かおる, エミリ, ネネ
北見志保, リオ
島崎美優, 一ノ瀬若葉
鈴木麻里絵, 坂本尚美, なつみ
都盛星空, 一条星空, 村上穂乃花, 森なおみ, りか, RIKA
秋野早苗, 小野静香
立花まおみ, 田辺優愛, 鈴木加奈, ひなの
椎谷愛結, 椎名愛莉, さとみ・デヒョン・キララ
湯川あゆみ, 田中真由, 織部みよ子, アンナ, まゆ
天川夏凪, 酒井まどか
木下桃, あん
芦川芽依, 上野恵
海野空詩, 中山あさ美
副島亜希乃, 南方沙織
加藤朱里, 氷室心音, 清水絵里, 置田綾乃, 朱里, ここね, 美奈子, もえ
川村まや, 広瀬まみ
来栖ちゃこ, 成宮時音, 伊藤恵子, 若本真那, 葵, 小野さん
戸田アイラ, 篠崎アンナ, 江川すみれ, 堀ひろ子, クレア・ひろこ
吉岡愛, はなこ
宮本七音, 三浦愛莉
川上梨江, ユリ
隅田ひかり, としこ
山岸凛, あすかみさき, 水沢かすみ
水沢理恵, 木村彩, 可愛有希, 伊東若菜, 石田静香, ミカ
香月星七, あやなれい, 岡崎エリナ, 綾乃麗華, レミ, Rei
新庄カレン, 心愛
倉田奈々美, 水嶋奈央, クミ
山下ゆかり, 鈴木香菜, ミオ
高嶋加奈, 白咲奈々子, 羽月ミリア, 北村沙織, 藤見七恵, 稲田七恵, Miria, みほ
浜田麻由美, 北川美優
結城あや, 青田祥子, 高崎由美, 山井沙奈美, あや
虻川ゆうり, 高木由美子, 古宮律
遠山雪菜, 藤井彩香, チカ
福沢えれな, 尾賀志帆
青山茉利奈, 赤坂瑠衣
華月ゆう, 陣内優子
石黒優, 西山まや, 小島直緒
川上桃佳, 松井幸枝
杉浦れいら, 町村小夜子, 綾峰しおり, 杉田美智
松本亜璃沙, 松本ありさ
瀬野ゆかり, 村沢とも子, ゆかり
愛咲れいら, 原千尋
児島奈央, 赤石ゆう, 城市菜緒
満島ノエル, 酒井るんな
古村栞, 由樹菜, サトミ・めぐみ
蒼井茉莉花, 真紀
荒谷智香, 平谷乃亜, ナナ, れいな
吉沢奈央, 岩本安奈
桜沢まひる, 麻生留奈, 瀬川ことみ, 成海君子, 石川佳美, 彩華
桜愛, 矢口つぐみ, 松下圭子, 桜井舞, まい
藤原愛音, Ai, 美穂
宇佐美ことの, 河村智華, 横田由貴, 千明
みやび, みか
馬場麻美, 江藤夏奈, 篠塚ひろ, 安藤れあ, 大橋恵, 柚奈, 小越夫妻
安田あいこ, 北村にちか, 柳りさ
七瀬美香, 新山あかり
高橋リオ, 藤田理彩
高橋りお, りおな
香月蘭, 古瀬玲, 古瀬リカ, 椎名ジュン, 雛森あゆみ, 古田奈央
塚本アンナ, 久本安奈, 中島佑里恵, 阿部みほ, 莉奈
時峰綾, 小畑麻友, 高西くるみ
本澤朋美, 本澤ともみ, 芹沢さくら, 中元はるる, 青柳朋美
観月レイ, 榊原典子
高藤一花, 高橋一花, 保土ヶ谷岬, 渡部晶奈
相川由梨, 岩佐沙織, ミズキ, 小坂
つかもと友希, 牧本千幸, ともき
沢田あいり, 松田由美, あいり
河原れいな, 田中芽衣奈
青山真希, 高梨耀子
佐伯みゆ, 板垣沙菜恵, みま
斉木ゆあ, 竹崎ゆりな, 沢田莉愛
白山ひな, 宮田里緒, 松中夏樹, ルイ
小倉ねね, 加奈子
吉永静子, 桐原真由恵
間宮純, 雨宮純, 桜木真音, 浅倉友里, 希めい, 梅桃さくらこ, 純, じゅんこ
沢田ユカリ, 沢田ゆかり, 愛咲ななみ, 土屋えり, 沢田南央, 遠野えり, 浅沼理子, 江原葉子, 東葉子, 石橋夏香, 友枝ゆかり, 沢田由依, 安陪ゆかり, 岸谷沙也加, さつき, カレン・あいら・さおり・しずか, しおり
三上彩花, 宮園美羅, 柴田こうみ, 稲田えりか, 佐倉悠, 彩花, あやか, さわこ, 今川夫妻
水沢杏香, 小泉ミツカ
浅野唯, 浅野ゆい, 秋本あずさ, 桐沢唯
真咲南朋, 安藤なつ妃, 楓モモ, 小島真奈美, まなみ・麻波
横山夏希, 上野真奈美, 立野みき, 美同ゆりあ, 大川澪, 伊藤遥希, 川島侑貴子, 真奈美, なつき
滝沢砂菜, 伊藤舞
車田留美子, 小日向薫
佐原ことみ, 河村ゆきの, 仙堂茂美
海老原しのぶ, 沢村ゆうみ
園田ユキ, 園田ゆき, 友井可奈子
峰岸深雪, 高城紗香, 三田百合恵, 宮高艶子
石川紗恵, 金指あずみ, 江藤真悠子
桜井由乃, 白戸優里, 楢橋美由, 渡部千春, 朝倉里英, 伊勢嶋莉央菜, 川村サクラ, ゆの
小倉ゆり, 厚田しおり, 小倉結衣
松すみれ, Sumire
夏川未来, 小室真友子, 小春, みく, ふーさん
宮川みくる, 桐嶋もえ
月本衣織, 月本いおり
工藤佑樹奈, 桐村詩音, アイカ, 優季奈
新田ひかる, 桐谷アンノ, 日比野真理, 小西優希, 芦屋あかね, ひろこ, あき
牧野絵里, 牧野えり, 高嶺みりあ, 高峰みりあ, 田中梨絵, 塚田千晶, 前島千晶, 永田瞳, 中野恵美, 小阪智美, 手島唯, 溝口ゆうこ, 絵里, えり, Rieko, エリカ
大石もえ, 近藤真理子
浅尾結衣, 蒼井はな, 朝倉菜摘
綾瀬りさ, 七瀬ひかる, 藤堂未久, なみえ
椿かなめ, 大城かえで, 山口彩, 吉沢咲良, 山田友美, 小林あずさ, KAEDE
和巳チカ, 宮崎春奈
湖南みるく, 南沢美紀
あずみ恋, 蓮美恋, 真野しおり, 藤森友紀, 関川真希菜
美里えり, 新条えり
矢野稜子, 矢野綾子, 宮下ひかり, 彩子
真咲まみ, 浜崎美樹
真鍋京香, 高岡由紀
原田実紗, 原田美紗, 原田美沙, 山崎香織
榊原加奈恵, さくら
水田真里, 原美由紀, 山内ゆき, ゆき, 友里
ひなの, 岩下ひな, 井川陽菜乃, あきみ, さやか
夏樹りおん, 夏川瞳, りか
瀬織さら, 酒井真穂
古河千夏, るかわあいみ, 伊藤麻美, なつ
都愛, 脇坂まさみ
汐見えみ, 須藤美沙希
紺野りさ子, 石川めぐみ
小柳さつき, 天音しずく, 田村円, かな
横須賀ねね, 小林リサ, 横浜ナナ, 室田円
大塚みなみ, 大森奈緒美, 南麗美, 三宅秋穂, なみ, みなみ
大沢はるか, 白石百々, 小牧ゆあ, 小森美悠, 島田香織, 望月なつこ, みほ
沢木理子, 金子ちえ, 山崎澪
小峰由衣, 中川美由紀, 小泉柚葵
瀬奈ジュン, 近藤美佐, 吉澤ゆう, 沖本沙耶, 滝川理央, 芹沢麻奈美, せな, じゅん
村瀬優花, 菊池真奈美, ゆみか
桜あい, 大枝千穂, 忠美ことみ
菅原朱美, 菅原朱実, 相良陽子, しおり
君島みお, 瞳ゆら, 京本かえで, 門倉沙希, 与謝野美沙, 中本みのり, 小倉ようこ, かえで
叶志穂, 松岡恵理佳, 高橋なるみ, りおん
神崎レオナ, 七瀬かすみ, 七瀬かずみ, 武田沙樹
上原優, 本山優希, 山崎由紀恵, ゆう
あすかみみ, 吉崎美帆
白石優, 白岸優, 渡瀬有華, 村山明日香, 石川有子, るりこ, ゆう
鈴木茶織, ChaO, 黒田やよい
田村りか, 宮本絵梨, 平石葵, ゆうな, 加奈, 美夏
鈴木さとみ, 浅田真美, らん
恋水りのあ, 明日香(J-WIFE PARADISE)
石井あづさ, 石井あずさ, 瞳
刹那, 木村愛, 星川美里, 吉村裕美佳, えりな
瀬咲るな, 成田玖美, 土永綾香
中島あいり, 山本知賀, 大塚亜樹, はるか
桜井りあ, 愛咲ＭＩＵ, 佐藤穂乃花
青山亜里沙, 刀根真紀子, 井上彩華
相田まい, 広瀬えり
森ゆきな, 森由紀菜, 高田尚美, 野間愛美, 中塚芽衣, やすこ, やよい, みづほ
愛音ゆう, 大山美名子, おおやまみなこ, 相那裕美
華原希, 三條美紗
初島静香, 倉木小夜, 村上美咲, 樋口啓子, 知恵(J-WIFE PARADISE)
みづき伊織, 早希いずみ, 高橋亜弥, ゆうか
飯島くらら, 星川ルル, 倉林聖子
久米かおる, 聡美
楠真由美, 楠木まゆみ, 千里(J-WIFE PARADISE)
里中亜矢子, あや(J-WIFE PARADISE)
鈴香音色, 山下ことね
岩崎美穂, 守山かんな
いちご, 星ヰいちご, 野村奈々, 坂田佳苗, 杉崎千春, 佐上いちご, 上野千春, 鈴木さや, はな
綾瀬ゆう, 春咲つぐみ, 瀬川由美
杏藤ゆあ, 南あかり, 長谷川ゆり
平野あみ, 平野亜美
雪見ほのか, 西沢美咲
三橋ひより, 千晴, 千春
真鍋のどか, しいな
星野香織, 阿部みさと, のりこ
小笠原ひめ , ユウ 
ソナン, 詩しおり, 葉月さやか, 北原香菜, 黒澤あいね, 鮎川真由
永瀬りいな, 茉城ねね, 川瀬りな, 佐久間莉奈, かなでみく
桃音まみる, 糸川まみる
井上遥, メイナ
吉川瑠璃, 今井実央, 千葉仁美, ひさか, みほ
天宮まりる, 佐賀ほのか, 黒崎リナ, 望月奈々, 立花彩音, あいか, ほのか, まりる
美咲カレン, 日向夏見
南野リカ, 北野リカ, 富田由紀江, 吉岡真理恵, 梨花, ゆう, みほ
桜庭彩, 橋本彩, 若松結花, 桜依安奈, あや
遠野あい, 今井早紀, 小松奈緒
はなみずき, 持田瞳
中塚愛, 井上ヒカル
本田ナミ, 江口恵
鶴瀬愛美, 百瀬愛里, 代田真希
ビビアン, ヴィヴィアン北岡
相葉美咲, 西川奈美
上原まみ, 新垣理紗
月野ひかり, 千葉かれん, 岸田志保, 河本緑, あおい, かれん・美紀
麻宮かりん, 藤井紀香
姫村ナミ, 姫川梨乃
西野ゆかり, 長谷川みずほ, 和城裕美, 園田綾, アキ, カオリ, りさ・ちなつ, ゆかり
仲えみり, まい
菅沼穂香, 千鳥崎佳世, ミヨ
橘麗香, 高辻早苗
大塚のどか, 萌雨らめ, 桜井怜奈
吉田未来, ななこ
星月莉央, Rio
相澤ひなた, 早川ルイ, 黒木真由美, 後藤夫婦
久本楓, 下條由佳, ミナミ
本間明南, 山本悠子, アキナ
庄司さくら, 溝口陽菜, ルカ
源かの子, 渡部芳香
桃井亜里砂, 島崎絵理子, あこ
本真ゆり, 相内つかさ, 大池ほのか, 郁美
加護あかね, 鈴本恵美, 藍沢ちか
中野絵里, ゆう
椎名沙希, 鮎川沙那, アキ
井川あすか, 越野星伽, ヒヨリ
北岡ちなみ, 武藤玲奈, 宮田玲奈, 佐倉栄子, レイナ, 玲奈, まちこ
大山菜穂, 大山志穂, あき
今藤霧子, 西野エリカ, 大崎みやび, 南野えりな, 麻美
伊織彩香, 浜崎真理, サリ, ユキナ
君島アンナ, 有村碧
田所美月, 大澤舞, 柏木果鈴, ユイナ
雫月こと, 姫野あみゅ, 久保純
吉本千香, 稲垣美咲紀, 美和子
睦見しほ, 渡辺伊代, 草野由加里, 千奈美, りさ
桐谷早恵, リナ
白崎りの, 友里恵
西野ハルナ, 佐久間愛実, 美奈子, 理恵, かおり
島田香奈, 島崎かおり
相馬優希, 緑川圭子
千野美帆, 杉田わか, 藤原有紀
柴咲りお, 松坂明海, りお
牧野あこ, 小山しずか
藤田かりん, 芳賀綾美, せり
堀田奈々, 白姫優香, 原田友美
小泉リカ, 小泉りか, 小林美菜, 未来
長谷川リオ, リオ, 川越香澄, 坂本栄美, ミミ
渡瀬成美, 浜野千香子
中條美華, 中条美華, 東山郁美
酒井みう, 根本真由
速水ひかる, 鈴木純子, 速川ひかり
倉持あゆみ, 山崎あさみ
美上梨奈, 福永ミカ, 野村裕菜
一条楓, かえで
岡本きら, 鈴木ゆか
綾瀬つばめ, 掘北亜美
王崎詩織, 三輪節子
大久保怜, 大久保伶, 大塚玲子
桃咲れもん, 桃井ゆず, 渡辺友美
藤沢ローラ, 若林恵美子
門田まつり, 峰さつき
ゆきのくるみ, 寺岡華奈子, 小野寺真希, みさ
井川かなえ, 乙部のりえ
美月りん, 松原茜
津村愛, 若月秋穂
香坂りな, 藤咲あいな, 藤沢安奈
子夏りん, 手塚真由美
折原ゆかり, 三好佐世子
